[2024-09-01T19:12:30.921+0000] {processor.py:161} INFO - Started process (PID=36) to work on /opt/airflow/dags/example_dag.py
[2024-09-01T19:12:30.921+0000] {processor.py:830} INFO - Processing file /opt/airflow/dags/example_dag.py for tasks to queue
[2024-09-01T19:12:30.922+0000] {logging_mixin.py:188} INFO - [2024-09-01T19:12:30.922+0000] {dagbag.py:538} INFO - Filling up the DagBag from /opt/airflow/dags/example_dag.py
[2024-09-01T19:12:30.941+0000] {processor.py:840} INFO - DAG(s) 'example_dag' retrieved from /opt/airflow/dags/example_dag.py
[2024-09-01T19:12:31.055+0000] {logging_mixin.py:188} INFO - [2024-09-01T19:12:31.055+0000] {override.py:1769} INFO - Created Permission View: can edit on DAG:example_dag
[2024-09-01T19:12:31.060+0000] {logging_mixin.py:188} INFO - [2024-09-01T19:12:31.060+0000] {override.py:1769} INFO - Created Permission View: can delete on DAG:example_dag
[2024-09-01T19:12:31.075+0000] {logging_mixin.py:188} INFO - [2024-09-01T19:12:31.075+0000] {override.py:1769} INFO - Created Permission View: can read on DAG:example_dag
[2024-09-01T19:12:31.076+0000] {logging_mixin.py:188} INFO - [2024-09-01T19:12:31.076+0000] {dag.py:3033} INFO - Sync 1 DAGs
[2024-09-01T19:12:31.089+0000] {logging_mixin.py:188} INFO - [2024-09-01T19:12:31.089+0000] {dag.py:3055} INFO - Creating ORM DAG for example_dag
[2024-09-01T19:12:31.099+0000] {logging_mixin.py:188} INFO - [2024-09-01T19:12:31.098+0000] {dag.py:3820} INFO - Setting next_dagrun for example_dag to 2022-11-12T00:00:00+00:00, run_after=2022-11-12T00:00:00+00:00
[2024-09-01T19:12:31.111+0000] {processor.py:183} INFO - Processing /opt/airflow/dags/example_dag.py took 0.192 seconds
[2024-09-01T19:13:02.106+0000] {processor.py:161} INFO - Started process (PID=43) to work on /opt/airflow/dags/example_dag.py
[2024-09-01T19:13:02.107+0000] {processor.py:830} INFO - Processing file /opt/airflow/dags/example_dag.py for tasks to queue
[2024-09-01T19:13:02.109+0000] {logging_mixin.py:188} INFO - [2024-09-01T19:13:02.108+0000] {dagbag.py:538} INFO - Filling up the DagBag from /opt/airflow/dags/example_dag.py
[2024-09-01T19:13:02.126+0000] {processor.py:840} INFO - DAG(s) 'example_dag' retrieved from /opt/airflow/dags/example_dag.py
[2024-09-01T19:13:02.147+0000] {logging_mixin.py:188} INFO - [2024-09-01T19:13:02.147+0000] {dag.py:3033} INFO - Sync 1 DAGs
[2024-09-01T19:13:02.160+0000] {logging_mixin.py:188} INFO - [2024-09-01T19:13:02.160+0000] {dag.py:3820} INFO - Setting next_dagrun for example_dag to 2022-11-12T00:00:00+00:00, run_after=2022-11-12T00:00:00+00:00
[2024-09-01T19:13:02.170+0000] {processor.py:183} INFO - Processing /opt/airflow/dags/example_dag.py took 0.070 seconds
[2024-09-01T19:13:32.458+0000] {processor.py:161} INFO - Started process (PID=50) to work on /opt/airflow/dags/example_dag.py
[2024-09-01T19:13:32.460+0000] {processor.py:830} INFO - Processing file /opt/airflow/dags/example_dag.py for tasks to queue
[2024-09-01T19:13:32.461+0000] {logging_mixin.py:188} INFO - [2024-09-01T19:13:32.460+0000] {dagbag.py:538} INFO - Filling up the DagBag from /opt/airflow/dags/example_dag.py
[2024-09-01T19:13:32.480+0000] {processor.py:840} INFO - DAG(s) 'example_dag' retrieved from /opt/airflow/dags/example_dag.py
[2024-09-01T19:13:32.503+0000] {logging_mixin.py:188} INFO - [2024-09-01T19:13:32.503+0000] {dag.py:3033} INFO - Sync 1 DAGs
[2024-09-01T19:13:32.514+0000] {logging_mixin.py:188} INFO - [2024-09-01T19:13:32.514+0000] {dag.py:3820} INFO - Setting next_dagrun for example_dag to 2022-11-12T00:00:00+00:00, run_after=2022-11-12T00:00:00+00:00
[2024-09-01T19:13:32.524+0000] {processor.py:183} INFO - Processing /opt/airflow/dags/example_dag.py took 0.071 seconds
[2024-09-01T19:14:03.194+0000] {processor.py:161} INFO - Started process (PID=35) to work on /opt/airflow/dags/example_dag.py
[2024-09-01T19:14:03.195+0000] {processor.py:830} INFO - Processing file /opt/airflow/dags/example_dag.py for tasks to queue
[2024-09-01T19:14:03.197+0000] {logging_mixin.py:188} INFO - [2024-09-01T19:14:03.196+0000] {dagbag.py:538} INFO - Filling up the DagBag from /opt/airflow/dags/example_dag.py
[2024-09-01T19:14:03.215+0000] {processor.py:840} INFO - DAG(s) 'example_dag' retrieved from /opt/airflow/dags/example_dag.py
[2024-09-01T19:14:03.229+0000] {logging_mixin.py:188} INFO - [2024-09-01T19:14:03.228+0000] {dag.py:3033} INFO - Sync 1 DAGs
[2024-09-01T19:14:03.245+0000] {logging_mixin.py:188} INFO - [2024-09-01T19:14:03.244+0000] {dag.py:3820} INFO - Setting next_dagrun for example_dag to 2022-11-12T00:00:00+00:00, run_after=2022-11-12T00:00:00+00:00
[2024-09-01T19:14:03.326+0000] {processor.py:183} INFO - Processing /opt/airflow/dags/example_dag.py took 0.133 seconds
[2024-09-01T19:14:34.480+0000] {processor.py:161} INFO - Started process (PID=42) to work on /opt/airflow/dags/example_dag.py
[2024-09-01T19:14:34.482+0000] {processor.py:830} INFO - Processing file /opt/airflow/dags/example_dag.py for tasks to queue
[2024-09-01T19:14:34.484+0000] {logging_mixin.py:188} INFO - [2024-09-01T19:14:34.483+0000] {dagbag.py:538} INFO - Filling up the DagBag from /opt/airflow/dags/example_dag.py
[2024-09-01T19:14:34.514+0000] {processor.py:840} INFO - DAG(s) 'example_dag' retrieved from /opt/airflow/dags/example_dag.py
[2024-09-01T19:14:34.618+0000] {logging_mixin.py:188} INFO - [2024-09-01T19:14:34.618+0000] {dag.py:3033} INFO - Sync 1 DAGs
[2024-09-01T19:14:34.625+0000] {logging_mixin.py:188} INFO - [2024-09-01T19:14:34.625+0000] {dag.py:3820} INFO - Setting next_dagrun for example_dag to 2022-11-12T00:00:00+00:00, run_after=2022-11-12T00:00:00+00:00
[2024-09-01T19:14:34.637+0000] {processor.py:183} INFO - Processing /opt/airflow/dags/example_dag.py took 0.162 seconds
[2024-09-01T19:15:04.829+0000] {processor.py:161} INFO - Started process (PID=49) to work on /opt/airflow/dags/example_dag.py
[2024-09-01T19:15:04.831+0000] {processor.py:830} INFO - Processing file /opt/airflow/dags/example_dag.py for tasks to queue
[2024-09-01T19:15:04.832+0000] {logging_mixin.py:188} INFO - [2024-09-01T19:15:04.831+0000] {dagbag.py:538} INFO - Filling up the DagBag from /opt/airflow/dags/example_dag.py
[2024-09-01T19:15:04.853+0000] {processor.py:840} INFO - DAG(s) 'example_dag' retrieved from /opt/airflow/dags/example_dag.py
[2024-09-01T19:15:04.878+0000] {logging_mixin.py:188} INFO - [2024-09-01T19:15:04.878+0000] {dag.py:3033} INFO - Sync 1 DAGs
[2024-09-01T19:15:04.888+0000] {logging_mixin.py:188} INFO - [2024-09-01T19:15:04.888+0000] {dag.py:3820} INFO - Setting next_dagrun for example_dag to 2022-11-12T00:00:00+00:00, run_after=2022-11-12T00:00:00+00:00
[2024-09-01T19:15:04.899+0000] {processor.py:183} INFO - Processing /opt/airflow/dags/example_dag.py took 0.079 seconds
[2024-09-01T19:15:35.162+0000] {processor.py:161} INFO - Started process (PID=56) to work on /opt/airflow/dags/example_dag.py
[2024-09-01T19:15:35.164+0000] {processor.py:830} INFO - Processing file /opt/airflow/dags/example_dag.py for tasks to queue
[2024-09-01T19:15:35.166+0000] {logging_mixin.py:188} INFO - [2024-09-01T19:15:35.165+0000] {dagbag.py:538} INFO - Filling up the DagBag from /opt/airflow/dags/example_dag.py
[2024-09-01T19:15:35.187+0000] {processor.py:840} INFO - DAG(s) 'example_dag' retrieved from /opt/airflow/dags/example_dag.py
[2024-09-01T19:15:35.206+0000] {logging_mixin.py:188} INFO - [2024-09-01T19:15:35.206+0000] {dag.py:3033} INFO - Sync 1 DAGs
[2024-09-01T19:15:35.221+0000] {logging_mixin.py:188} INFO - [2024-09-01T19:15:35.221+0000] {dag.py:3820} INFO - Setting next_dagrun for example_dag to 2022-11-12T00:00:00+00:00, run_after=2022-11-12T00:00:00+00:00
[2024-09-01T19:15:35.233+0000] {processor.py:183} INFO - Processing /opt/airflow/dags/example_dag.py took 0.078 seconds
[2024-09-01T19:16:05.471+0000] {processor.py:161} INFO - Started process (PID=63) to work on /opt/airflow/dags/example_dag.py
[2024-09-01T19:16:05.475+0000] {processor.py:830} INFO - Processing file /opt/airflow/dags/example_dag.py for tasks to queue
[2024-09-01T19:16:05.482+0000] {logging_mixin.py:188} INFO - [2024-09-01T19:16:05.476+0000] {dagbag.py:538} INFO - Filling up the DagBag from /opt/airflow/dags/example_dag.py
[2024-09-01T19:16:05.503+0000] {processor.py:840} INFO - DAG(s) 'example_dag' retrieved from /opt/airflow/dags/example_dag.py
[2024-09-01T19:16:05.520+0000] {logging_mixin.py:188} INFO - [2024-09-01T19:16:05.520+0000] {dag.py:3033} INFO - Sync 1 DAGs
[2024-09-01T19:16:05.530+0000] {logging_mixin.py:188} INFO - [2024-09-01T19:16:05.530+0000] {dag.py:3820} INFO - Setting next_dagrun for example_dag to 2022-11-12T00:00:00+00:00, run_after=2022-11-12T00:00:00+00:00
[2024-09-01T19:16:05.541+0000] {processor.py:183} INFO - Processing /opt/airflow/dags/example_dag.py took 0.074 seconds
[2024-09-01T19:16:35.829+0000] {processor.py:161} INFO - Started process (PID=70) to work on /opt/airflow/dags/example_dag.py
[2024-09-01T19:16:35.832+0000] {processor.py:830} INFO - Processing file /opt/airflow/dags/example_dag.py for tasks to queue
[2024-09-01T19:16:35.833+0000] {logging_mixin.py:188} INFO - [2024-09-01T19:16:35.832+0000] {dagbag.py:538} INFO - Filling up the DagBag from /opt/airflow/dags/example_dag.py
[2024-09-01T19:16:35.858+0000] {processor.py:840} INFO - DAG(s) 'example_dag' retrieved from /opt/airflow/dags/example_dag.py
[2024-09-01T19:16:35.878+0000] {logging_mixin.py:188} INFO - [2024-09-01T19:16:35.878+0000] {dag.py:3033} INFO - Sync 1 DAGs
[2024-09-01T19:16:35.895+0000] {logging_mixin.py:188} INFO - [2024-09-01T19:16:35.895+0000] {dag.py:3820} INFO - Setting next_dagrun for example_dag to 2022-11-12T00:00:00+00:00, run_after=2022-11-12T00:00:00+00:00
[2024-09-01T19:16:35.911+0000] {processor.py:183} INFO - Processing /opt/airflow/dags/example_dag.py took 0.086 seconds
[2024-09-01T19:17:06.153+0000] {processor.py:161} INFO - Started process (PID=77) to work on /opt/airflow/dags/example_dag.py
[2024-09-01T19:17:06.155+0000] {processor.py:830} INFO - Processing file /opt/airflow/dags/example_dag.py for tasks to queue
[2024-09-01T19:17:06.157+0000] {logging_mixin.py:188} INFO - [2024-09-01T19:17:06.156+0000] {dagbag.py:538} INFO - Filling up the DagBag from /opt/airflow/dags/example_dag.py
[2024-09-01T19:17:06.198+0000] {processor.py:840} INFO - DAG(s) 'example_dag' retrieved from /opt/airflow/dags/example_dag.py
[2024-09-01T19:17:06.223+0000] {logging_mixin.py:188} INFO - [2024-09-01T19:17:06.223+0000] {dag.py:3033} INFO - Sync 1 DAGs
[2024-09-01T19:17:06.235+0000] {logging_mixin.py:188} INFO - [2024-09-01T19:17:06.235+0000] {dag.py:3820} INFO - Setting next_dagrun for example_dag to 2022-11-12T00:00:00+00:00, run_after=2022-11-12T00:00:00+00:00
[2024-09-01T19:17:06.248+0000] {processor.py:183} INFO - Processing /opt/airflow/dags/example_dag.py took 0.100 seconds
[2024-09-01T19:17:36.510+0000] {processor.py:161} INFO - Started process (PID=84) to work on /opt/airflow/dags/example_dag.py
[2024-09-01T19:17:36.514+0000] {processor.py:830} INFO - Processing file /opt/airflow/dags/example_dag.py for tasks to queue
[2024-09-01T19:17:36.517+0000] {logging_mixin.py:188} INFO - [2024-09-01T19:17:36.516+0000] {dagbag.py:538} INFO - Filling up the DagBag from /opt/airflow/dags/example_dag.py
[2024-09-01T19:17:36.541+0000] {processor.py:840} INFO - DAG(s) 'example_dag' retrieved from /opt/airflow/dags/example_dag.py
[2024-09-01T19:17:36.561+0000] {logging_mixin.py:188} INFO - [2024-09-01T19:17:36.561+0000] {dag.py:3033} INFO - Sync 1 DAGs
[2024-09-01T19:17:36.572+0000] {logging_mixin.py:188} INFO - [2024-09-01T19:17:36.572+0000] {dag.py:3820} INFO - Setting next_dagrun for example_dag to 2022-11-12T00:00:00+00:00, run_after=2022-11-12T00:00:00+00:00
[2024-09-01T19:17:36.584+0000] {processor.py:183} INFO - Processing /opt/airflow/dags/example_dag.py took 0.098 seconds
[2024-09-01T19:18:06.835+0000] {processor.py:161} INFO - Started process (PID=91) to work on /opt/airflow/dags/example_dag.py
[2024-09-01T19:18:06.837+0000] {processor.py:830} INFO - Processing file /opt/airflow/dags/example_dag.py for tasks to queue
[2024-09-01T19:18:06.839+0000] {logging_mixin.py:188} INFO - [2024-09-01T19:18:06.838+0000] {dagbag.py:538} INFO - Filling up the DagBag from /opt/airflow/dags/example_dag.py
[2024-09-01T19:18:06.858+0000] {processor.py:840} INFO - DAG(s) 'example_dag' retrieved from /opt/airflow/dags/example_dag.py
[2024-09-01T19:18:06.888+0000] {logging_mixin.py:188} INFO - [2024-09-01T19:18:06.887+0000] {dag.py:3033} INFO - Sync 1 DAGs
[2024-09-01T19:18:06.911+0000] {logging_mixin.py:188} INFO - [2024-09-01T19:18:06.911+0000] {dag.py:3820} INFO - Setting next_dagrun for example_dag to 2022-11-12T00:00:00+00:00, run_after=2022-11-12T00:00:00+00:00
[2024-09-01T19:18:06.923+0000] {processor.py:183} INFO - Processing /opt/airflow/dags/example_dag.py took 0.102 seconds
[2024-09-01T19:18:37.141+0000] {processor.py:161} INFO - Started process (PID=98) to work on /opt/airflow/dags/example_dag.py
[2024-09-01T19:18:37.143+0000] {processor.py:830} INFO - Processing file /opt/airflow/dags/example_dag.py for tasks to queue
[2024-09-01T19:18:37.145+0000] {logging_mixin.py:188} INFO - [2024-09-01T19:18:37.144+0000] {dagbag.py:538} INFO - Filling up the DagBag from /opt/airflow/dags/example_dag.py
[2024-09-01T19:18:37.164+0000] {processor.py:840} INFO - DAG(s) 'example_dag' retrieved from /opt/airflow/dags/example_dag.py
[2024-09-01T19:18:37.183+0000] {logging_mixin.py:188} INFO - [2024-09-01T19:18:37.183+0000] {dag.py:3033} INFO - Sync 1 DAGs
[2024-09-01T19:18:37.209+0000] {logging_mixin.py:188} INFO - [2024-09-01T19:18:37.208+0000] {dag.py:3820} INFO - Setting next_dagrun for example_dag to 2022-11-12T00:00:00+00:00, run_after=2022-11-12T00:00:00+00:00
[2024-09-01T19:18:37.220+0000] {processor.py:183} INFO - Processing /opt/airflow/dags/example_dag.py took 0.083 seconds
[2024-09-01T19:19:07.259+0000] {processor.py:161} INFO - Started process (PID=105) to work on /opt/airflow/dags/example_dag.py
[2024-09-01T19:19:07.261+0000] {processor.py:830} INFO - Processing file /opt/airflow/dags/example_dag.py for tasks to queue
[2024-09-01T19:19:07.262+0000] {logging_mixin.py:188} INFO - [2024-09-01T19:19:07.261+0000] {dagbag.py:538} INFO - Filling up the DagBag from /opt/airflow/dags/example_dag.py
[2024-09-01T19:19:07.278+0000] {processor.py:840} INFO - DAG(s) 'example_dag' retrieved from /opt/airflow/dags/example_dag.py
[2024-09-01T19:19:07.314+0000] {logging_mixin.py:188} INFO - [2024-09-01T19:19:07.314+0000] {dag.py:3033} INFO - Sync 1 DAGs
[2024-09-01T19:19:07.326+0000] {logging_mixin.py:188} INFO - [2024-09-01T19:19:07.326+0000] {dag.py:3820} INFO - Setting next_dagrun for example_dag to 2022-11-12T00:00:00+00:00, run_after=2022-11-12T00:00:00+00:00
[2024-09-01T19:19:07.338+0000] {processor.py:183} INFO - Processing /opt/airflow/dags/example_dag.py took 0.084 seconds
[2024-09-01T19:19:37.570+0000] {processor.py:161} INFO - Started process (PID=112) to work on /opt/airflow/dags/example_dag.py
[2024-09-01T19:19:37.572+0000] {processor.py:830} INFO - Processing file /opt/airflow/dags/example_dag.py for tasks to queue
[2024-09-01T19:19:37.574+0000] {logging_mixin.py:188} INFO - [2024-09-01T19:19:37.573+0000] {dagbag.py:538} INFO - Filling up the DagBag from /opt/airflow/dags/example_dag.py
[2024-09-01T19:19:37.606+0000] {processor.py:840} INFO - DAG(s) 'example_dag' retrieved from /opt/airflow/dags/example_dag.py
[2024-09-01T19:19:37.625+0000] {logging_mixin.py:188} INFO - [2024-09-01T19:19:37.625+0000] {dag.py:3033} INFO - Sync 1 DAGs
[2024-09-01T19:19:37.638+0000] {logging_mixin.py:188} INFO - [2024-09-01T19:19:37.637+0000] {dag.py:3820} INFO - Setting next_dagrun for example_dag to 2022-11-12T00:00:00+00:00, run_after=2022-11-12T00:00:00+00:00
[2024-09-01T19:19:37.648+0000] {processor.py:183} INFO - Processing /opt/airflow/dags/example_dag.py took 0.084 seconds
[2024-09-01T19:20:07.793+0000] {processor.py:161} INFO - Started process (PID=119) to work on /opt/airflow/dags/example_dag.py
[2024-09-01T19:20:07.796+0000] {processor.py:830} INFO - Processing file /opt/airflow/dags/example_dag.py for tasks to queue
[2024-09-01T19:20:07.798+0000] {logging_mixin.py:188} INFO - [2024-09-01T19:20:07.797+0000] {dagbag.py:538} INFO - Filling up the DagBag from /opt/airflow/dags/example_dag.py
[2024-09-01T19:20:07.823+0000] {processor.py:840} INFO - DAG(s) 'example_dag' retrieved from /opt/airflow/dags/example_dag.py
[2024-09-01T19:20:07.855+0000] {logging_mixin.py:188} INFO - [2024-09-01T19:20:07.855+0000] {dag.py:3033} INFO - Sync 1 DAGs
[2024-09-01T19:20:07.867+0000] {logging_mixin.py:188} INFO - [2024-09-01T19:20:07.866+0000] {dag.py:3820} INFO - Setting next_dagrun for example_dag to 2022-11-12T00:00:00+00:00, run_after=2022-11-12T00:00:00+00:00
[2024-09-01T19:20:07.877+0000] {processor.py:183} INFO - Processing /opt/airflow/dags/example_dag.py took 0.090 seconds
[2024-09-01T19:20:38.121+0000] {processor.py:161} INFO - Started process (PID=126) to work on /opt/airflow/dags/example_dag.py
[2024-09-01T19:20:38.123+0000] {processor.py:830} INFO - Processing file /opt/airflow/dags/example_dag.py for tasks to queue
[2024-09-01T19:20:38.125+0000] {logging_mixin.py:188} INFO - [2024-09-01T19:20:38.124+0000] {dagbag.py:538} INFO - Filling up the DagBag from /opt/airflow/dags/example_dag.py
[2024-09-01T19:20:38.145+0000] {processor.py:840} INFO - DAG(s) 'example_dag' retrieved from /opt/airflow/dags/example_dag.py
[2024-09-01T19:20:38.175+0000] {logging_mixin.py:188} INFO - [2024-09-01T19:20:38.175+0000] {dag.py:3033} INFO - Sync 1 DAGs
[2024-09-01T19:20:38.189+0000] {logging_mixin.py:188} INFO - [2024-09-01T19:20:38.189+0000] {dag.py:3820} INFO - Setting next_dagrun for example_dag to 2022-11-12T00:00:00+00:00, run_after=2022-11-12T00:00:00+00:00
[2024-09-01T19:20:38.201+0000] {processor.py:183} INFO - Processing /opt/airflow/dags/example_dag.py took 0.087 seconds
[2024-09-01T19:21:08.425+0000] {processor.py:161} INFO - Started process (PID=133) to work on /opt/airflow/dags/example_dag.py
[2024-09-01T19:21:08.426+0000] {processor.py:830} INFO - Processing file /opt/airflow/dags/example_dag.py for tasks to queue
[2024-09-01T19:21:08.427+0000] {logging_mixin.py:188} INFO - [2024-09-01T19:21:08.427+0000] {dagbag.py:538} INFO - Filling up the DagBag from /opt/airflow/dags/example_dag.py
[2024-09-01T19:21:08.443+0000] {processor.py:840} INFO - DAG(s) 'example_dag' retrieved from /opt/airflow/dags/example_dag.py
[2024-09-01T19:21:08.473+0000] {logging_mixin.py:188} INFO - [2024-09-01T19:21:08.473+0000] {dag.py:3033} INFO - Sync 1 DAGs
[2024-09-01T19:21:08.487+0000] {logging_mixin.py:188} INFO - [2024-09-01T19:21:08.487+0000] {dag.py:3820} INFO - Setting next_dagrun for example_dag to 2022-11-12T00:00:00+00:00, run_after=2022-11-12T00:00:00+00:00
[2024-09-01T19:21:08.500+0000] {processor.py:183} INFO - Processing /opt/airflow/dags/example_dag.py took 0.079 seconds
[2024-09-01T19:21:38.758+0000] {processor.py:161} INFO - Started process (PID=146) to work on /opt/airflow/dags/example_dag.py
[2024-09-01T19:21:38.759+0000] {processor.py:830} INFO - Processing file /opt/airflow/dags/example_dag.py for tasks to queue
[2024-09-01T19:21:38.760+0000] {logging_mixin.py:188} INFO - [2024-09-01T19:21:38.759+0000] {dagbag.py:538} INFO - Filling up the DagBag from /opt/airflow/dags/example_dag.py
[2024-09-01T19:21:38.772+0000] {processor.py:840} INFO - DAG(s) 'example_dag' retrieved from /opt/airflow/dags/example_dag.py
[2024-09-01T19:21:38.786+0000] {logging_mixin.py:188} INFO - [2024-09-01T19:21:38.786+0000] {dag.py:3033} INFO - Sync 1 DAGs
[2024-09-01T19:21:38.796+0000] {logging_mixin.py:188} INFO - [2024-09-01T19:21:38.796+0000] {dag.py:3820} INFO - Setting next_dagrun for example_dag to 2022-11-12T00:00:00+00:00, run_after=2022-11-12T00:00:00+00:00
[2024-09-01T19:21:38.807+0000] {processor.py:183} INFO - Processing /opt/airflow/dags/example_dag.py took 0.053 seconds
[2024-09-01T19:22:09.132+0000] {processor.py:161} INFO - Started process (PID=153) to work on /opt/airflow/dags/example_dag.py
[2024-09-01T19:22:09.134+0000] {processor.py:830} INFO - Processing file /opt/airflow/dags/example_dag.py for tasks to queue
[2024-09-01T19:22:09.135+0000] {logging_mixin.py:188} INFO - [2024-09-01T19:22:09.134+0000] {dagbag.py:538} INFO - Filling up the DagBag from /opt/airflow/dags/example_dag.py
[2024-09-01T19:22:09.154+0000] {processor.py:840} INFO - DAG(s) 'example_dag' retrieved from /opt/airflow/dags/example_dag.py
[2024-09-01T19:22:09.174+0000] {logging_mixin.py:188} INFO - [2024-09-01T19:22:09.174+0000] {dag.py:3033} INFO - Sync 1 DAGs
[2024-09-01T19:22:09.192+0000] {logging_mixin.py:188} INFO - [2024-09-01T19:22:09.192+0000] {dag.py:3820} INFO - Setting next_dagrun for example_dag to 2022-11-12T00:00:00+00:00, run_after=2022-11-12T00:00:00+00:00
[2024-09-01T19:22:09.204+0000] {processor.py:183} INFO - Processing /opt/airflow/dags/example_dag.py took 0.077 seconds
[2024-09-01T19:22:39.473+0000] {processor.py:161} INFO - Started process (PID=160) to work on /opt/airflow/dags/example_dag.py
[2024-09-01T19:22:39.475+0000] {processor.py:830} INFO - Processing file /opt/airflow/dags/example_dag.py for tasks to queue
[2024-09-01T19:22:39.477+0000] {logging_mixin.py:188} INFO - [2024-09-01T19:22:39.476+0000] {dagbag.py:538} INFO - Filling up the DagBag from /opt/airflow/dags/example_dag.py
[2024-09-01T19:22:39.515+0000] {processor.py:840} INFO - DAG(s) 'example_dag' retrieved from /opt/airflow/dags/example_dag.py
[2024-09-01T19:22:39.530+0000] {logging_mixin.py:188} INFO - [2024-09-01T19:22:39.530+0000] {dag.py:3033} INFO - Sync 1 DAGs
[2024-09-01T19:22:39.541+0000] {logging_mixin.py:188} INFO - [2024-09-01T19:22:39.541+0000] {dag.py:3820} INFO - Setting next_dagrun for example_dag to 2022-11-12T00:00:00+00:00, run_after=2022-11-12T00:00:00+00:00
[2024-09-01T19:22:39.551+0000] {processor.py:183} INFO - Processing /opt/airflow/dags/example_dag.py took 0.085 seconds
[2024-09-01T19:23:09.752+0000] {processor.py:161} INFO - Started process (PID=167) to work on /opt/airflow/dags/example_dag.py
[2024-09-01T19:23:09.754+0000] {processor.py:830} INFO - Processing file /opt/airflow/dags/example_dag.py for tasks to queue
[2024-09-01T19:23:09.755+0000] {logging_mixin.py:188} INFO - [2024-09-01T19:23:09.754+0000] {dagbag.py:538} INFO - Filling up the DagBag from /opt/airflow/dags/example_dag.py
[2024-09-01T19:23:09.772+0000] {processor.py:840} INFO - DAG(s) 'example_dag' retrieved from /opt/airflow/dags/example_dag.py
[2024-09-01T19:23:09.804+0000] {logging_mixin.py:188} INFO - [2024-09-01T19:23:09.804+0000] {dag.py:3033} INFO - Sync 1 DAGs
[2024-09-01T19:23:09.818+0000] {logging_mixin.py:188} INFO - [2024-09-01T19:23:09.818+0000] {dag.py:3820} INFO - Setting next_dagrun for example_dag to 2022-11-12T00:00:00+00:00, run_after=2022-11-12T00:00:00+00:00
[2024-09-01T19:23:09.828+0000] {processor.py:183} INFO - Processing /opt/airflow/dags/example_dag.py took 0.081 seconds
[2024-09-01T19:23:40.112+0000] {processor.py:161} INFO - Started process (PID=174) to work on /opt/airflow/dags/example_dag.py
[2024-09-01T19:23:40.114+0000] {processor.py:830} INFO - Processing file /opt/airflow/dags/example_dag.py for tasks to queue
[2024-09-01T19:23:40.115+0000] {logging_mixin.py:188} INFO - [2024-09-01T19:23:40.114+0000] {dagbag.py:538} INFO - Filling up the DagBag from /opt/airflow/dags/example_dag.py
[2024-09-01T19:23:40.135+0000] {processor.py:840} INFO - DAG(s) 'example_dag' retrieved from /opt/airflow/dags/example_dag.py
[2024-09-01T19:23:40.152+0000] {logging_mixin.py:188} INFO - [2024-09-01T19:23:40.152+0000] {dag.py:3033} INFO - Sync 1 DAGs
[2024-09-01T19:23:40.178+0000] {logging_mixin.py:188} INFO - [2024-09-01T19:23:40.178+0000] {dag.py:3820} INFO - Setting next_dagrun for example_dag to 2022-11-12T00:00:00+00:00, run_after=2022-11-12T00:00:00+00:00
[2024-09-01T19:23:40.191+0000] {processor.py:183} INFO - Processing /opt/airflow/dags/example_dag.py took 0.086 seconds
[2024-09-01T19:24:10.433+0000] {processor.py:161} INFO - Started process (PID=181) to work on /opt/airflow/dags/example_dag.py
[2024-09-01T19:24:10.435+0000] {processor.py:830} INFO - Processing file /opt/airflow/dags/example_dag.py for tasks to queue
[2024-09-01T19:24:10.449+0000] {logging_mixin.py:188} INFO - [2024-09-01T19:24:10.439+0000] {dagbag.py:538} INFO - Filling up the DagBag from /opt/airflow/dags/example_dag.py
[2024-09-01T19:24:10.469+0000] {processor.py:840} INFO - DAG(s) 'example_dag' retrieved from /opt/airflow/dags/example_dag.py
[2024-09-01T19:24:10.486+0000] {logging_mixin.py:188} INFO - [2024-09-01T19:24:10.486+0000] {dag.py:3033} INFO - Sync 1 DAGs
[2024-09-01T19:24:10.496+0000] {logging_mixin.py:188} INFO - [2024-09-01T19:24:10.496+0000] {dag.py:3820} INFO - Setting next_dagrun for example_dag to 2022-11-12T00:00:00+00:00, run_after=2022-11-12T00:00:00+00:00
[2024-09-01T19:24:10.506+0000] {processor.py:183} INFO - Processing /opt/airflow/dags/example_dag.py took 0.079 seconds
[2024-09-01T19:24:40.792+0000] {processor.py:161} INFO - Started process (PID=188) to work on /opt/airflow/dags/example_dag.py
[2024-09-01T19:24:40.795+0000] {processor.py:830} INFO - Processing file /opt/airflow/dags/example_dag.py for tasks to queue
[2024-09-01T19:24:40.796+0000] {logging_mixin.py:188} INFO - [2024-09-01T19:24:40.796+0000] {dagbag.py:538} INFO - Filling up the DagBag from /opt/airflow/dags/example_dag.py
[2024-09-01T19:24:40.816+0000] {processor.py:840} INFO - DAG(s) 'example_dag' retrieved from /opt/airflow/dags/example_dag.py
[2024-09-01T19:24:40.833+0000] {logging_mixin.py:188} INFO - [2024-09-01T19:24:40.833+0000] {dag.py:3033} INFO - Sync 1 DAGs
[2024-09-01T19:24:40.843+0000] {logging_mixin.py:188} INFO - [2024-09-01T19:24:40.843+0000] {dag.py:3820} INFO - Setting next_dagrun for example_dag to 2022-11-12T00:00:00+00:00, run_after=2022-11-12T00:00:00+00:00
[2024-09-01T19:24:40.854+0000] {processor.py:183} INFO - Processing /opt/airflow/dags/example_dag.py took 0.069 seconds
[2024-09-01T19:25:11.117+0000] {processor.py:161} INFO - Started process (PID=195) to work on /opt/airflow/dags/example_dag.py
[2024-09-01T19:25:11.118+0000] {processor.py:830} INFO - Processing file /opt/airflow/dags/example_dag.py for tasks to queue
[2024-09-01T19:25:11.120+0000] {logging_mixin.py:188} INFO - [2024-09-01T19:25:11.119+0000] {dagbag.py:538} INFO - Filling up the DagBag from /opt/airflow/dags/example_dag.py
[2024-09-01T19:25:11.140+0000] {processor.py:840} INFO - DAG(s) 'example_dag' retrieved from /opt/airflow/dags/example_dag.py
[2024-09-01T19:25:11.174+0000] {logging_mixin.py:188} INFO - [2024-09-01T19:25:11.174+0000] {dag.py:3033} INFO - Sync 1 DAGs
[2024-09-01T19:25:11.187+0000] {logging_mixin.py:188} INFO - [2024-09-01T19:25:11.187+0000] {dag.py:3820} INFO - Setting next_dagrun for example_dag to 2022-11-12T00:00:00+00:00, run_after=2022-11-12T00:00:00+00:00
[2024-09-01T19:25:11.200+0000] {processor.py:183} INFO - Processing /opt/airflow/dags/example_dag.py took 0.090 seconds
[2024-09-01T19:25:41.420+0000] {processor.py:161} INFO - Started process (PID=202) to work on /opt/airflow/dags/example_dag.py
[2024-09-01T19:25:41.423+0000] {processor.py:830} INFO - Processing file /opt/airflow/dags/example_dag.py for tasks to queue
[2024-09-01T19:25:41.424+0000] {logging_mixin.py:188} INFO - [2024-09-01T19:25:41.423+0000] {dagbag.py:538} INFO - Filling up the DagBag from /opt/airflow/dags/example_dag.py
[2024-09-01T19:25:41.457+0000] {processor.py:840} INFO - DAG(s) 'example_dag' retrieved from /opt/airflow/dags/example_dag.py
[2024-09-01T19:25:41.475+0000] {logging_mixin.py:188} INFO - [2024-09-01T19:25:41.475+0000] {dag.py:3033} INFO - Sync 1 DAGs
[2024-09-01T19:25:41.486+0000] {logging_mixin.py:188} INFO - [2024-09-01T19:25:41.486+0000] {dag.py:3820} INFO - Setting next_dagrun for example_dag to 2022-11-12T00:00:00+00:00, run_after=2022-11-12T00:00:00+00:00
[2024-09-01T19:25:41.500+0000] {processor.py:183} INFO - Processing /opt/airflow/dags/example_dag.py took 0.087 seconds
[2024-09-01T19:26:11.732+0000] {processor.py:161} INFO - Started process (PID=209) to work on /opt/airflow/dags/example_dag.py
[2024-09-01T19:26:11.735+0000] {processor.py:830} INFO - Processing file /opt/airflow/dags/example_dag.py for tasks to queue
[2024-09-01T19:26:11.737+0000] {logging_mixin.py:188} INFO - [2024-09-01T19:26:11.736+0000] {dagbag.py:538} INFO - Filling up the DagBag from /opt/airflow/dags/example_dag.py
[2024-09-01T19:26:11.762+0000] {processor.py:840} INFO - DAG(s) 'example_dag' retrieved from /opt/airflow/dags/example_dag.py
[2024-09-01T19:26:11.779+0000] {logging_mixin.py:188} INFO - [2024-09-01T19:26:11.779+0000] {dag.py:3033} INFO - Sync 1 DAGs
[2024-09-01T19:26:11.800+0000] {logging_mixin.py:188} INFO - [2024-09-01T19:26:11.800+0000] {dag.py:3820} INFO - Setting next_dagrun for example_dag to 2022-11-12T00:00:00+00:00, run_after=2022-11-12T00:00:00+00:00
[2024-09-01T19:26:11.812+0000] {processor.py:183} INFO - Processing /opt/airflow/dags/example_dag.py took 0.085 seconds
[2024-09-01T19:26:42.027+0000] {processor.py:161} INFO - Started process (PID=216) to work on /opt/airflow/dags/example_dag.py
[2024-09-01T19:26:42.029+0000] {processor.py:830} INFO - Processing file /opt/airflow/dags/example_dag.py for tasks to queue
[2024-09-01T19:26:42.030+0000] {logging_mixin.py:188} INFO - [2024-09-01T19:26:42.029+0000] {dagbag.py:538} INFO - Filling up the DagBag from /opt/airflow/dags/example_dag.py
[2024-09-01T19:26:42.042+0000] {processor.py:840} INFO - DAG(s) 'example_dag' retrieved from /opt/airflow/dags/example_dag.py
[2024-09-01T19:26:42.058+0000] {logging_mixin.py:188} INFO - [2024-09-01T19:26:42.058+0000] {dag.py:3033} INFO - Sync 1 DAGs
[2024-09-01T19:26:42.068+0000] {logging_mixin.py:188} INFO - [2024-09-01T19:26:42.068+0000] {dag.py:3820} INFO - Setting next_dagrun for example_dag to 2022-11-12T00:00:00+00:00, run_after=2022-11-12T00:00:00+00:00
[2024-09-01T19:26:42.080+0000] {processor.py:183} INFO - Processing /opt/airflow/dags/example_dag.py took 0.056 seconds
[2024-09-01T19:27:12.379+0000] {processor.py:161} INFO - Started process (PID=223) to work on /opt/airflow/dags/example_dag.py
[2024-09-01T19:27:12.381+0000] {processor.py:830} INFO - Processing file /opt/airflow/dags/example_dag.py for tasks to queue
[2024-09-01T19:27:12.382+0000] {logging_mixin.py:188} INFO - [2024-09-01T19:27:12.381+0000] {dagbag.py:538} INFO - Filling up the DagBag from /opt/airflow/dags/example_dag.py
[2024-09-01T19:27:12.403+0000] {processor.py:840} INFO - DAG(s) 'example_dag' retrieved from /opt/airflow/dags/example_dag.py
[2024-09-01T19:27:12.434+0000] {logging_mixin.py:188} INFO - [2024-09-01T19:27:12.433+0000] {dag.py:3033} INFO - Sync 1 DAGs
[2024-09-01T19:27:12.451+0000] {logging_mixin.py:188} INFO - [2024-09-01T19:27:12.451+0000] {dag.py:3820} INFO - Setting next_dagrun for example_dag to 2022-11-12T00:00:00+00:00, run_after=2022-11-12T00:00:00+00:00
[2024-09-01T19:27:12.463+0000] {processor.py:183} INFO - Processing /opt/airflow/dags/example_dag.py took 0.091 seconds
[2024-09-01T19:27:42.714+0000] {processor.py:161} INFO - Started process (PID=230) to work on /opt/airflow/dags/example_dag.py
[2024-09-01T19:27:42.716+0000] {processor.py:830} INFO - Processing file /opt/airflow/dags/example_dag.py for tasks to queue
[2024-09-01T19:27:42.718+0000] {logging_mixin.py:188} INFO - [2024-09-01T19:27:42.717+0000] {dagbag.py:538} INFO - Filling up the DagBag from /opt/airflow/dags/example_dag.py
[2024-09-01T19:27:42.765+0000] {processor.py:840} INFO - DAG(s) 'example_dag' retrieved from /opt/airflow/dags/example_dag.py
[2024-09-01T19:27:42.784+0000] {logging_mixin.py:188} INFO - [2024-09-01T19:27:42.784+0000] {dag.py:3033} INFO - Sync 1 DAGs
[2024-09-01T19:27:42.796+0000] {logging_mixin.py:188} INFO - [2024-09-01T19:27:42.796+0000] {dag.py:3820} INFO - Setting next_dagrun for example_dag to 2022-11-12T00:00:00+00:00, run_after=2022-11-12T00:00:00+00:00
[2024-09-01T19:27:42.809+0000] {processor.py:183} INFO - Processing /opt/airflow/dags/example_dag.py took 0.103 seconds
[2024-09-01T19:28:13.046+0000] {processor.py:161} INFO - Started process (PID=237) to work on /opt/airflow/dags/example_dag.py
[2024-09-01T19:28:13.049+0000] {processor.py:830} INFO - Processing file /opt/airflow/dags/example_dag.py for tasks to queue
[2024-09-01T19:28:13.050+0000] {logging_mixin.py:188} INFO - [2024-09-01T19:28:13.050+0000] {dagbag.py:538} INFO - Filling up the DagBag from /opt/airflow/dags/example_dag.py
[2024-09-01T19:28:13.084+0000] {processor.py:840} INFO - DAG(s) 'example_dag' retrieved from /opt/airflow/dags/example_dag.py
[2024-09-01T19:28:13.109+0000] {logging_mixin.py:188} INFO - [2024-09-01T19:28:13.108+0000] {dag.py:3033} INFO - Sync 1 DAGs
[2024-09-01T19:28:13.119+0000] {logging_mixin.py:188} INFO - [2024-09-01T19:28:13.119+0000] {dag.py:3820} INFO - Setting next_dagrun for example_dag to 2022-11-12T00:00:00+00:00, run_after=2022-11-12T00:00:00+00:00
[2024-09-01T19:28:13.131+0000] {processor.py:183} INFO - Processing /opt/airflow/dags/example_dag.py took 0.091 seconds
[2024-09-01T19:28:43.351+0000] {processor.py:161} INFO - Started process (PID=244) to work on /opt/airflow/dags/example_dag.py
[2024-09-01T19:28:43.353+0000] {processor.py:830} INFO - Processing file /opt/airflow/dags/example_dag.py for tasks to queue
[2024-09-01T19:28:43.354+0000] {logging_mixin.py:188} INFO - [2024-09-01T19:28:43.354+0000] {dagbag.py:538} INFO - Filling up the DagBag from /opt/airflow/dags/example_dag.py
[2024-09-01T19:28:43.371+0000] {processor.py:840} INFO - DAG(s) 'example_dag' retrieved from /opt/airflow/dags/example_dag.py
[2024-09-01T19:28:43.390+0000] {logging_mixin.py:188} INFO - [2024-09-01T19:28:43.390+0000] {dag.py:3033} INFO - Sync 1 DAGs
[2024-09-01T19:28:43.401+0000] {logging_mixin.py:188} INFO - [2024-09-01T19:28:43.401+0000] {dag.py:3820} INFO - Setting next_dagrun for example_dag to 2022-11-12T00:00:00+00:00, run_after=2022-11-12T00:00:00+00:00
[2024-09-01T19:28:43.412+0000] {processor.py:183} INFO - Processing /opt/airflow/dags/example_dag.py took 0.068 seconds
[2024-09-01T19:29:13.694+0000] {processor.py:161} INFO - Started process (PID=251) to work on /opt/airflow/dags/example_dag.py
[2024-09-01T19:29:13.695+0000] {processor.py:830} INFO - Processing file /opt/airflow/dags/example_dag.py for tasks to queue
[2024-09-01T19:29:13.697+0000] {logging_mixin.py:188} INFO - [2024-09-01T19:29:13.696+0000] {dagbag.py:538} INFO - Filling up the DagBag from /opt/airflow/dags/example_dag.py
[2024-09-01T19:29:13.727+0000] {processor.py:840} INFO - DAG(s) 'example_dag' retrieved from /opt/airflow/dags/example_dag.py
[2024-09-01T19:29:13.752+0000] {logging_mixin.py:188} INFO - [2024-09-01T19:29:13.751+0000] {dag.py:3033} INFO - Sync 1 DAGs
[2024-09-01T19:29:13.762+0000] {logging_mixin.py:188} INFO - [2024-09-01T19:29:13.762+0000] {dag.py:3820} INFO - Setting next_dagrun for example_dag to 2022-11-12T00:00:00+00:00, run_after=2022-11-12T00:00:00+00:00
[2024-09-01T19:29:13.773+0000] {processor.py:183} INFO - Processing /opt/airflow/dags/example_dag.py took 0.086 seconds
[2024-09-01T19:29:44.014+0000] {processor.py:161} INFO - Started process (PID=258) to work on /opt/airflow/dags/example_dag.py
[2024-09-01T19:29:44.015+0000] {processor.py:830} INFO - Processing file /opt/airflow/dags/example_dag.py for tasks to queue
[2024-09-01T19:29:44.033+0000] {logging_mixin.py:188} INFO - [2024-09-01T19:29:44.020+0000] {dagbag.py:538} INFO - Filling up the DagBag from /opt/airflow/dags/example_dag.py
[2024-09-01T19:29:44.051+0000] {processor.py:840} INFO - DAG(s) 'example_dag' retrieved from /opt/airflow/dags/example_dag.py
[2024-09-01T19:29:44.071+0000] {logging_mixin.py:188} INFO - [2024-09-01T19:29:44.071+0000] {dag.py:3033} INFO - Sync 1 DAGs
[2024-09-01T19:29:44.082+0000] {logging_mixin.py:188} INFO - [2024-09-01T19:29:44.082+0000] {dag.py:3820} INFO - Setting next_dagrun for example_dag to 2022-11-12T00:00:00+00:00, run_after=2022-11-12T00:00:00+00:00
[2024-09-01T19:29:44.094+0000] {processor.py:183} INFO - Processing /opt/airflow/dags/example_dag.py took 0.086 seconds
[2024-09-01T19:30:14.331+0000] {processor.py:161} INFO - Started process (PID=265) to work on /opt/airflow/dags/example_dag.py
[2024-09-01T19:30:14.332+0000] {processor.py:830} INFO - Processing file /opt/airflow/dags/example_dag.py for tasks to queue
[2024-09-01T19:30:14.334+0000] {logging_mixin.py:188} INFO - [2024-09-01T19:30:14.333+0000] {dagbag.py:538} INFO - Filling up the DagBag from /opt/airflow/dags/example_dag.py
[2024-09-01T19:30:14.351+0000] {processor.py:840} INFO - DAG(s) 'example_dag' retrieved from /opt/airflow/dags/example_dag.py
[2024-09-01T19:30:14.392+0000] {logging_mixin.py:188} INFO - [2024-09-01T19:30:14.392+0000] {dag.py:3033} INFO - Sync 1 DAGs
[2024-09-01T19:30:14.404+0000] {logging_mixin.py:188} INFO - [2024-09-01T19:30:14.404+0000] {dag.py:3820} INFO - Setting next_dagrun for example_dag to 2022-11-12T00:00:00+00:00, run_after=2022-11-12T00:00:00+00:00
[2024-09-01T19:30:14.415+0000] {processor.py:183} INFO - Processing /opt/airflow/dags/example_dag.py took 0.091 seconds
[2024-09-01T19:30:44.683+0000] {processor.py:161} INFO - Started process (PID=272) to work on /opt/airflow/dags/example_dag.py
[2024-09-01T19:30:44.686+0000] {processor.py:830} INFO - Processing file /opt/airflow/dags/example_dag.py for tasks to queue
[2024-09-01T19:30:44.687+0000] {logging_mixin.py:188} INFO - [2024-09-01T19:30:44.687+0000] {dagbag.py:538} INFO - Filling up the DagBag from /opt/airflow/dags/example_dag.py
[2024-09-01T19:30:44.722+0000] {processor.py:840} INFO - DAG(s) 'example_dag' retrieved from /opt/airflow/dags/example_dag.py
[2024-09-01T19:30:44.741+0000] {logging_mixin.py:188} INFO - [2024-09-01T19:30:44.741+0000] {dag.py:3033} INFO - Sync 1 DAGs
[2024-09-01T19:30:44.753+0000] {logging_mixin.py:188} INFO - [2024-09-01T19:30:44.753+0000] {dag.py:3820} INFO - Setting next_dagrun for example_dag to 2022-11-12T00:00:00+00:00, run_after=2022-11-12T00:00:00+00:00
[2024-09-01T19:30:44.764+0000] {processor.py:183} INFO - Processing /opt/airflow/dags/example_dag.py took 0.089 seconds
[2024-09-01T19:31:15.050+0000] {processor.py:161} INFO - Started process (PID=279) to work on /opt/airflow/dags/example_dag.py
[2024-09-01T19:31:15.052+0000] {processor.py:830} INFO - Processing file /opt/airflow/dags/example_dag.py for tasks to queue
[2024-09-01T19:31:15.053+0000] {logging_mixin.py:188} INFO - [2024-09-01T19:31:15.052+0000] {dagbag.py:538} INFO - Filling up the DagBag from /opt/airflow/dags/example_dag.py
[2024-09-01T19:31:15.074+0000] {processor.py:840} INFO - DAG(s) 'example_dag' retrieved from /opt/airflow/dags/example_dag.py
[2024-09-01T19:31:15.093+0000] {logging_mixin.py:188} INFO - [2024-09-01T19:31:15.093+0000] {dag.py:3033} INFO - Sync 1 DAGs
[2024-09-01T19:31:15.112+0000] {logging_mixin.py:188} INFO - [2024-09-01T19:31:15.112+0000] {dag.py:3820} INFO - Setting next_dagrun for example_dag to 2022-11-12T00:00:00+00:00, run_after=2022-11-12T00:00:00+00:00
[2024-09-01T19:31:15.123+0000] {processor.py:183} INFO - Processing /opt/airflow/dags/example_dag.py took 0.078 seconds
[2024-09-01T19:31:45.375+0000] {processor.py:161} INFO - Started process (PID=286) to work on /opt/airflow/dags/example_dag.py
[2024-09-01T19:31:45.378+0000] {processor.py:830} INFO - Processing file /opt/airflow/dags/example_dag.py for tasks to queue
[2024-09-01T19:31:45.379+0000] {logging_mixin.py:188} INFO - [2024-09-01T19:31:45.378+0000] {dagbag.py:538} INFO - Filling up the DagBag from /opt/airflow/dags/example_dag.py
[2024-09-01T19:31:45.400+0000] {processor.py:840} INFO - DAG(s) 'example_dag' retrieved from /opt/airflow/dags/example_dag.py
[2024-09-01T19:31:45.438+0000] {logging_mixin.py:188} INFO - [2024-09-01T19:31:45.438+0000] {dag.py:3033} INFO - Sync 1 DAGs
[2024-09-01T19:31:45.449+0000] {logging_mixin.py:188} INFO - [2024-09-01T19:31:45.449+0000] {dag.py:3820} INFO - Setting next_dagrun for example_dag to 2022-11-12T00:00:00+00:00, run_after=2022-11-12T00:00:00+00:00
[2024-09-01T19:31:45.460+0000] {processor.py:183} INFO - Processing /opt/airflow/dags/example_dag.py took 0.093 seconds
[2024-09-01T19:32:15.688+0000] {processor.py:161} INFO - Started process (PID=293) to work on /opt/airflow/dags/example_dag.py
[2024-09-01T19:32:15.690+0000] {processor.py:830} INFO - Processing file /opt/airflow/dags/example_dag.py for tasks to queue
[2024-09-01T19:32:15.691+0000] {logging_mixin.py:188} INFO - [2024-09-01T19:32:15.690+0000] {dagbag.py:538} INFO - Filling up the DagBag from /opt/airflow/dags/example_dag.py
[2024-09-01T19:32:15.713+0000] {processor.py:840} INFO - DAG(s) 'example_dag' retrieved from /opt/airflow/dags/example_dag.py
[2024-09-01T19:32:15.732+0000] {logging_mixin.py:188} INFO - [2024-09-01T19:32:15.732+0000] {dag.py:3033} INFO - Sync 1 DAGs
[2024-09-01T19:32:15.742+0000] {logging_mixin.py:188} INFO - [2024-09-01T19:32:15.742+0000] {dag.py:3820} INFO - Setting next_dagrun for example_dag to 2022-11-12T00:00:00+00:00, run_after=2022-11-12T00:00:00+00:00
[2024-09-01T19:32:15.753+0000] {processor.py:183} INFO - Processing /opt/airflow/dags/example_dag.py took 0.072 seconds
[2024-09-01T19:32:46.015+0000] {processor.py:161} INFO - Started process (PID=300) to work on /opt/airflow/dags/example_dag.py
[2024-09-01T19:32:46.017+0000] {processor.py:830} INFO - Processing file /opt/airflow/dags/example_dag.py for tasks to queue
[2024-09-01T19:32:46.019+0000] {logging_mixin.py:188} INFO - [2024-09-01T19:32:46.018+0000] {dagbag.py:538} INFO - Filling up the DagBag from /opt/airflow/dags/example_dag.py
[2024-09-01T19:32:46.040+0000] {processor.py:840} INFO - DAG(s) 'example_dag' retrieved from /opt/airflow/dags/example_dag.py
[2024-09-01T19:32:46.064+0000] {logging_mixin.py:188} INFO - [2024-09-01T19:32:46.064+0000] {dag.py:3033} INFO - Sync 1 DAGs
[2024-09-01T19:32:46.087+0000] {logging_mixin.py:188} INFO - [2024-09-01T19:32:46.086+0000] {dag.py:3820} INFO - Setting next_dagrun for example_dag to 2022-11-12T00:00:00+00:00, run_after=2022-11-12T00:00:00+00:00
[2024-09-01T19:32:46.098+0000] {processor.py:183} INFO - Processing /opt/airflow/dags/example_dag.py took 0.090 seconds
[2024-09-01T19:33:16.351+0000] {processor.py:161} INFO - Started process (PID=307) to work on /opt/airflow/dags/example_dag.py
[2024-09-01T19:33:16.353+0000] {processor.py:830} INFO - Processing file /opt/airflow/dags/example_dag.py for tasks to queue
[2024-09-01T19:33:16.354+0000] {logging_mixin.py:188} INFO - [2024-09-01T19:33:16.353+0000] {dagbag.py:538} INFO - Filling up the DagBag from /opt/airflow/dags/example_dag.py
[2024-09-01T19:33:16.378+0000] {processor.py:840} INFO - DAG(s) 'example_dag' retrieved from /opt/airflow/dags/example_dag.py
[2024-09-01T19:33:16.414+0000] {logging_mixin.py:188} INFO - [2024-09-01T19:33:16.414+0000] {dag.py:3033} INFO - Sync 1 DAGs
[2024-09-01T19:33:16.426+0000] {logging_mixin.py:188} INFO - [2024-09-01T19:33:16.426+0000] {dag.py:3820} INFO - Setting next_dagrun for example_dag to 2022-11-12T00:00:00+00:00, run_after=2022-11-12T00:00:00+00:00
[2024-09-01T19:33:16.439+0000] {processor.py:183} INFO - Processing /opt/airflow/dags/example_dag.py took 0.094 seconds
[2024-09-01T19:33:46.708+0000] {processor.py:161} INFO - Started process (PID=314) to work on /opt/airflow/dags/example_dag.py
[2024-09-01T19:33:46.710+0000] {processor.py:830} INFO - Processing file /opt/airflow/dags/example_dag.py for tasks to queue
[2024-09-01T19:33:46.712+0000] {logging_mixin.py:188} INFO - [2024-09-01T19:33:46.711+0000] {dagbag.py:538} INFO - Filling up the DagBag from /opt/airflow/dags/example_dag.py
[2024-09-01T19:33:46.749+0000] {processor.py:840} INFO - DAG(s) 'example_dag' retrieved from /opt/airflow/dags/example_dag.py
[2024-09-01T19:33:46.781+0000] {logging_mixin.py:188} INFO - [2024-09-01T19:33:46.781+0000] {dag.py:3033} INFO - Sync 1 DAGs
[2024-09-01T19:33:46.797+0000] {logging_mixin.py:188} INFO - [2024-09-01T19:33:46.796+0000] {dag.py:3820} INFO - Setting next_dagrun for example_dag to 2022-11-12T00:00:00+00:00, run_after=2022-11-12T00:00:00+00:00
[2024-09-01T19:33:46.808+0000] {processor.py:183} INFO - Processing /opt/airflow/dags/example_dag.py took 0.107 seconds
[2024-09-01T19:34:17.013+0000] {processor.py:161} INFO - Started process (PID=321) to work on /opt/airflow/dags/example_dag.py
[2024-09-01T19:34:17.014+0000] {processor.py:830} INFO - Processing file /opt/airflow/dags/example_dag.py for tasks to queue
[2024-09-01T19:34:17.016+0000] {logging_mixin.py:188} INFO - [2024-09-01T19:34:17.015+0000] {dagbag.py:538} INFO - Filling up the DagBag from /opt/airflow/dags/example_dag.py
[2024-09-01T19:34:17.030+0000] {processor.py:840} INFO - DAG(s) 'example_dag' retrieved from /opt/airflow/dags/example_dag.py
[2024-09-01T19:34:17.047+0000] {logging_mixin.py:188} INFO - [2024-09-01T19:34:17.047+0000] {dag.py:3033} INFO - Sync 1 DAGs
[2024-09-01T19:34:17.058+0000] {logging_mixin.py:188} INFO - [2024-09-01T19:34:17.058+0000] {dag.py:3820} INFO - Setting next_dagrun for example_dag to 2022-11-12T00:00:00+00:00, run_after=2022-11-12T00:00:00+00:00
[2024-09-01T19:34:17.069+0000] {processor.py:183} INFO - Processing /opt/airflow/dags/example_dag.py took 0.059 seconds
[2024-09-01T19:34:47.469+0000] {processor.py:161} INFO - Started process (PID=328) to work on /opt/airflow/dags/example_dag.py
[2024-09-01T19:34:47.470+0000] {processor.py:830} INFO - Processing file /opt/airflow/dags/example_dag.py for tasks to queue
[2024-09-01T19:34:47.471+0000] {logging_mixin.py:188} INFO - [2024-09-01T19:34:47.470+0000] {dagbag.py:538} INFO - Filling up the DagBag from /opt/airflow/dags/example_dag.py
[2024-09-01T19:34:47.494+0000] {processor.py:840} INFO - DAG(s) 'example_dag' retrieved from /opt/airflow/dags/example_dag.py
[2024-09-01T19:34:47.515+0000] {logging_mixin.py:188} INFO - [2024-09-01T19:34:47.515+0000] {dag.py:3033} INFO - Sync 1 DAGs
[2024-09-01T19:34:47.526+0000] {logging_mixin.py:188} INFO - [2024-09-01T19:34:47.526+0000] {dag.py:3820} INFO - Setting next_dagrun for example_dag to 2022-11-12T00:00:00+00:00, run_after=2022-11-12T00:00:00+00:00
[2024-09-01T19:34:47.539+0000] {processor.py:183} INFO - Processing /opt/airflow/dags/example_dag.py took 0.075 seconds
[2024-09-01T19:35:17.787+0000] {processor.py:161} INFO - Started process (PID=335) to work on /opt/airflow/dags/example_dag.py
[2024-09-01T19:35:17.789+0000] {processor.py:830} INFO - Processing file /opt/airflow/dags/example_dag.py for tasks to queue
[2024-09-01T19:35:17.791+0000] {logging_mixin.py:188} INFO - [2024-09-01T19:35:17.790+0000] {dagbag.py:538} INFO - Filling up the DagBag from /opt/airflow/dags/example_dag.py
[2024-09-01T19:35:17.808+0000] {processor.py:840} INFO - DAG(s) 'example_dag' retrieved from /opt/airflow/dags/example_dag.py
[2024-09-01T19:35:17.841+0000] {logging_mixin.py:188} INFO - [2024-09-01T19:35:17.841+0000] {dag.py:3033} INFO - Sync 1 DAGs
[2024-09-01T19:35:17.852+0000] {logging_mixin.py:188} INFO - [2024-09-01T19:35:17.852+0000] {dag.py:3820} INFO - Setting next_dagrun for example_dag to 2022-11-12T00:00:00+00:00, run_after=2022-11-12T00:00:00+00:00
[2024-09-01T19:35:17.865+0000] {processor.py:183} INFO - Processing /opt/airflow/dags/example_dag.py took 0.084 seconds
[2024-09-01T19:35:48.154+0000] {processor.py:161} INFO - Started process (PID=342) to work on /opt/airflow/dags/example_dag.py
[2024-09-01T19:35:48.156+0000] {processor.py:830} INFO - Processing file /opt/airflow/dags/example_dag.py for tasks to queue
[2024-09-01T19:35:48.157+0000] {logging_mixin.py:188} INFO - [2024-09-01T19:35:48.157+0000] {dagbag.py:538} INFO - Filling up the DagBag from /opt/airflow/dags/example_dag.py
[2024-09-01T19:35:48.177+0000] {processor.py:840} INFO - DAG(s) 'example_dag' retrieved from /opt/airflow/dags/example_dag.py
[2024-09-01T19:35:48.212+0000] {logging_mixin.py:188} INFO - [2024-09-01T19:35:48.212+0000] {dag.py:3033} INFO - Sync 1 DAGs
[2024-09-01T19:35:48.223+0000] {logging_mixin.py:188} INFO - [2024-09-01T19:35:48.223+0000] {dag.py:3820} INFO - Setting next_dagrun for example_dag to 2022-11-12T00:00:00+00:00, run_after=2022-11-12T00:00:00+00:00
[2024-09-01T19:35:48.234+0000] {processor.py:183} INFO - Processing /opt/airflow/dags/example_dag.py took 0.088 seconds
[2024-09-01T19:36:18.472+0000] {processor.py:161} INFO - Started process (PID=349) to work on /opt/airflow/dags/example_dag.py
[2024-09-01T19:36:18.477+0000] {processor.py:830} INFO - Processing file /opt/airflow/dags/example_dag.py for tasks to queue
[2024-09-01T19:36:18.479+0000] {logging_mixin.py:188} INFO - [2024-09-01T19:36:18.478+0000] {dagbag.py:538} INFO - Filling up the DagBag from /opt/airflow/dags/example_dag.py
[2024-09-01T19:36:18.520+0000] {processor.py:840} INFO - DAG(s) 'example_dag' retrieved from /opt/airflow/dags/example_dag.py
[2024-09-01T19:36:18.538+0000] {logging_mixin.py:188} INFO - [2024-09-01T19:36:18.538+0000] {dag.py:3033} INFO - Sync 1 DAGs
[2024-09-01T19:36:18.548+0000] {logging_mixin.py:188} INFO - [2024-09-01T19:36:18.548+0000] {dag.py:3820} INFO - Setting next_dagrun for example_dag to 2022-11-12T00:00:00+00:00, run_after=2022-11-12T00:00:00+00:00
[2024-09-01T19:36:18.560+0000] {processor.py:183} INFO - Processing /opt/airflow/dags/example_dag.py took 0.101 seconds
[2024-09-01T19:36:48.786+0000] {processor.py:161} INFO - Started process (PID=356) to work on /opt/airflow/dags/example_dag.py
[2024-09-01T19:36:48.789+0000] {processor.py:830} INFO - Processing file /opt/airflow/dags/example_dag.py for tasks to queue
[2024-09-01T19:36:48.791+0000] {logging_mixin.py:188} INFO - [2024-09-01T19:36:48.790+0000] {dagbag.py:538} INFO - Filling up the DagBag from /opt/airflow/dags/example_dag.py
[2024-09-01T19:36:48.812+0000] {processor.py:840} INFO - DAG(s) 'example_dag' retrieved from /opt/airflow/dags/example_dag.py
[2024-09-01T19:36:48.831+0000] {logging_mixin.py:188} INFO - [2024-09-01T19:36:48.831+0000] {dag.py:3033} INFO - Sync 1 DAGs
[2024-09-01T19:36:48.855+0000] {logging_mixin.py:188} INFO - [2024-09-01T19:36:48.854+0000] {dag.py:3820} INFO - Setting next_dagrun for example_dag to 2022-11-12T00:00:00+00:00, run_after=2022-11-12T00:00:00+00:00
[2024-09-01T19:36:48.867+0000] {processor.py:183} INFO - Processing /opt/airflow/dags/example_dag.py took 0.085 seconds
[2024-09-01T19:37:19.136+0000] {processor.py:161} INFO - Started process (PID=363) to work on /opt/airflow/dags/example_dag.py
[2024-09-01T19:37:19.138+0000] {processor.py:830} INFO - Processing file /opt/airflow/dags/example_dag.py for tasks to queue
[2024-09-01T19:37:19.140+0000] {logging_mixin.py:188} INFO - [2024-09-01T19:37:19.139+0000] {dagbag.py:538} INFO - Filling up the DagBag from /opt/airflow/dags/example_dag.py
[2024-09-01T19:37:19.161+0000] {processor.py:840} INFO - DAG(s) 'example_dag' retrieved from /opt/airflow/dags/example_dag.py
[2024-09-01T19:37:19.179+0000] {logging_mixin.py:188} INFO - [2024-09-01T19:37:19.179+0000] {dag.py:3033} INFO - Sync 1 DAGs
[2024-09-01T19:37:19.189+0000] {logging_mixin.py:188} INFO - [2024-09-01T19:37:19.189+0000] {dag.py:3820} INFO - Setting next_dagrun for example_dag to 2022-11-12T00:00:00+00:00, run_after=2022-11-12T00:00:00+00:00
[2024-09-01T19:37:19.201+0000] {processor.py:183} INFO - Processing /opt/airflow/dags/example_dag.py took 0.073 seconds
[2024-09-01T19:37:49.540+0000] {processor.py:161} INFO - Started process (PID=370) to work on /opt/airflow/dags/example_dag.py
[2024-09-01T19:37:49.542+0000] {processor.py:830} INFO - Processing file /opt/airflow/dags/example_dag.py for tasks to queue
[2024-09-01T19:37:49.544+0000] {logging_mixin.py:188} INFO - [2024-09-01T19:37:49.543+0000] {dagbag.py:538} INFO - Filling up the DagBag from /opt/airflow/dags/example_dag.py
[2024-09-01T19:37:49.581+0000] {processor.py:840} INFO - DAG(s) 'example_dag' retrieved from /opt/airflow/dags/example_dag.py
[2024-09-01T19:37:49.599+0000] {logging_mixin.py:188} INFO - [2024-09-01T19:37:49.599+0000] {dag.py:3033} INFO - Sync 1 DAGs
[2024-09-01T19:37:49.609+0000] {logging_mixin.py:188} INFO - [2024-09-01T19:37:49.609+0000] {dag.py:3820} INFO - Setting next_dagrun for example_dag to 2022-11-12T00:00:00+00:00, run_after=2022-11-12T00:00:00+00:00
[2024-09-01T19:37:49.620+0000] {processor.py:183} INFO - Processing /opt/airflow/dags/example_dag.py took 0.087 seconds
[2024-09-01T19:38:19.875+0000] {processor.py:161} INFO - Started process (PID=377) to work on /opt/airflow/dags/example_dag.py
[2024-09-01T19:38:19.877+0000] {processor.py:830} INFO - Processing file /opt/airflow/dags/example_dag.py for tasks to queue
[2024-09-01T19:38:19.878+0000] {logging_mixin.py:188} INFO - [2024-09-01T19:38:19.877+0000] {dagbag.py:538} INFO - Filling up the DagBag from /opt/airflow/dags/example_dag.py
[2024-09-01T19:38:19.934+0000] {processor.py:840} INFO - DAG(s) 'example_dag' retrieved from /opt/airflow/dags/example_dag.py
[2024-09-01T19:38:19.957+0000] {logging_mixin.py:188} INFO - [2024-09-01T19:38:19.957+0000] {dag.py:3033} INFO - Sync 1 DAGs
[2024-09-01T19:38:19.968+0000] {logging_mixin.py:188} INFO - [2024-09-01T19:38:19.968+0000] {dag.py:3820} INFO - Setting next_dagrun for example_dag to 2022-11-12T00:00:00+00:00, run_after=2022-11-12T00:00:00+00:00
[2024-09-01T19:38:19.988+0000] {processor.py:183} INFO - Processing /opt/airflow/dags/example_dag.py took 0.118 seconds
[2024-09-01T19:38:50.235+0000] {processor.py:161} INFO - Started process (PID=384) to work on /opt/airflow/dags/example_dag.py
[2024-09-01T19:38:50.237+0000] {processor.py:830} INFO - Processing file /opt/airflow/dags/example_dag.py for tasks to queue
[2024-09-01T19:38:50.238+0000] {logging_mixin.py:188} INFO - [2024-09-01T19:38:50.237+0000] {dagbag.py:538} INFO - Filling up the DagBag from /opt/airflow/dags/example_dag.py
[2024-09-01T19:38:50.257+0000] {processor.py:840} INFO - DAG(s) 'example_dag' retrieved from /opt/airflow/dags/example_dag.py
[2024-09-01T19:38:50.276+0000] {logging_mixin.py:188} INFO - [2024-09-01T19:38:50.275+0000] {dag.py:3033} INFO - Sync 1 DAGs
[2024-09-01T19:38:50.299+0000] {logging_mixin.py:188} INFO - [2024-09-01T19:38:50.299+0000] {dag.py:3820} INFO - Setting next_dagrun for example_dag to 2022-11-12T00:00:00+00:00, run_after=2022-11-12T00:00:00+00:00
[2024-09-01T19:38:50.312+0000] {processor.py:183} INFO - Processing /opt/airflow/dags/example_dag.py took 0.086 seconds
[2024-09-01T19:39:20.498+0000] {processor.py:161} INFO - Started process (PID=391) to work on /opt/airflow/dags/example_dag.py
[2024-09-01T19:39:20.501+0000] {processor.py:830} INFO - Processing file /opt/airflow/dags/example_dag.py for tasks to queue
[2024-09-01T19:39:20.503+0000] {logging_mixin.py:188} INFO - [2024-09-01T19:39:20.501+0000] {dagbag.py:538} INFO - Filling up the DagBag from /opt/airflow/dags/example_dag.py
[2024-09-01T19:39:20.529+0000] {processor.py:840} INFO - DAG(s) 'example_dag' retrieved from /opt/airflow/dags/example_dag.py
[2024-09-01T19:39:20.549+0000] {logging_mixin.py:188} INFO - [2024-09-01T19:39:20.548+0000] {dag.py:3033} INFO - Sync 1 DAGs
[2024-09-01T19:39:20.559+0000] {logging_mixin.py:188} INFO - [2024-09-01T19:39:20.559+0000] {dag.py:3820} INFO - Setting next_dagrun for example_dag to 2022-11-12T00:00:00+00:00, run_after=2022-11-12T00:00:00+00:00
[2024-09-01T19:39:20.569+0000] {processor.py:183} INFO - Processing /opt/airflow/dags/example_dag.py took 0.078 seconds
[2024-09-01T19:39:50.757+0000] {processor.py:161} INFO - Started process (PID=398) to work on /opt/airflow/dags/example_dag.py
[2024-09-01T19:39:50.758+0000] {processor.py:830} INFO - Processing file /opt/airflow/dags/example_dag.py for tasks to queue
[2024-09-01T19:39:50.760+0000] {logging_mixin.py:188} INFO - [2024-09-01T19:39:50.759+0000] {dagbag.py:538} INFO - Filling up the DagBag from /opt/airflow/dags/example_dag.py
[2024-09-01T19:39:50.781+0000] {processor.py:840} INFO - DAG(s) 'example_dag' retrieved from /opt/airflow/dags/example_dag.py
[2024-09-01T19:39:50.799+0000] {logging_mixin.py:188} INFO - [2024-09-01T19:39:50.799+0000] {dag.py:3033} INFO - Sync 1 DAGs
[2024-09-01T19:39:50.809+0000] {logging_mixin.py:188} INFO - [2024-09-01T19:39:50.809+0000] {dag.py:3820} INFO - Setting next_dagrun for example_dag to 2022-11-12T00:00:00+00:00, run_after=2022-11-12T00:00:00+00:00
[2024-09-01T19:39:50.821+0000] {processor.py:183} INFO - Processing /opt/airflow/dags/example_dag.py took 0.069 seconds
[2024-09-01T19:40:21.021+0000] {processor.py:161} INFO - Started process (PID=405) to work on /opt/airflow/dags/example_dag.py
[2024-09-01T19:40:21.023+0000] {processor.py:830} INFO - Processing file /opt/airflow/dags/example_dag.py for tasks to queue
[2024-09-01T19:40:21.025+0000] {logging_mixin.py:188} INFO - [2024-09-01T19:40:21.024+0000] {dagbag.py:538} INFO - Filling up the DagBag from /opt/airflow/dags/example_dag.py
[2024-09-01T19:40:21.045+0000] {processor.py:840} INFO - DAG(s) 'example_dag' retrieved from /opt/airflow/dags/example_dag.py
[2024-09-01T19:40:21.065+0000] {logging_mixin.py:188} INFO - [2024-09-01T19:40:21.065+0000] {dag.py:3033} INFO - Sync 1 DAGs
[2024-09-01T19:40:21.075+0000] {logging_mixin.py:188} INFO - [2024-09-01T19:40:21.075+0000] {dag.py:3820} INFO - Setting next_dagrun for example_dag to 2022-11-12T00:00:00+00:00, run_after=2022-11-12T00:00:00+00:00
[2024-09-01T19:40:21.085+0000] {processor.py:183} INFO - Processing /opt/airflow/dags/example_dag.py took 0.071 seconds
[2024-09-01T19:40:51.293+0000] {processor.py:161} INFO - Started process (PID=412) to work on /opt/airflow/dags/example_dag.py
[2024-09-01T19:40:51.298+0000] {processor.py:830} INFO - Processing file /opt/airflow/dags/example_dag.py for tasks to queue
[2024-09-01T19:40:51.300+0000] {logging_mixin.py:188} INFO - [2024-09-01T19:40:51.299+0000] {dagbag.py:538} INFO - Filling up the DagBag from /opt/airflow/dags/example_dag.py
[2024-09-01T19:40:51.315+0000] {processor.py:840} INFO - DAG(s) 'example_dag' retrieved from /opt/airflow/dags/example_dag.py
[2024-09-01T19:40:51.337+0000] {logging_mixin.py:188} INFO - [2024-09-01T19:40:51.337+0000] {dag.py:3033} INFO - Sync 1 DAGs
[2024-09-01T19:40:51.374+0000] {logging_mixin.py:188} INFO - [2024-09-01T19:40:51.374+0000] {dag.py:3820} INFO - Setting next_dagrun for example_dag to 2022-11-12T00:00:00+00:00, run_after=2022-11-12T00:00:00+00:00
[2024-09-01T19:40:51.400+0000] {processor.py:183} INFO - Processing /opt/airflow/dags/example_dag.py took 0.130 seconds
[2024-09-01T19:41:21.644+0000] {processor.py:161} INFO - Started process (PID=419) to work on /opt/airflow/dags/example_dag.py
[2024-09-01T19:41:21.646+0000] {processor.py:830} INFO - Processing file /opt/airflow/dags/example_dag.py for tasks to queue
[2024-09-01T19:41:21.648+0000] {logging_mixin.py:188} INFO - [2024-09-01T19:41:21.647+0000] {dagbag.py:538} INFO - Filling up the DagBag from /opt/airflow/dags/example_dag.py
[2024-09-01T19:41:21.668+0000] {processor.py:840} INFO - DAG(s) 'example_dag' retrieved from /opt/airflow/dags/example_dag.py
[2024-09-01T19:41:21.688+0000] {logging_mixin.py:188} INFO - [2024-09-01T19:41:21.688+0000] {dag.py:3033} INFO - Sync 1 DAGs
[2024-09-01T19:41:21.700+0000] {logging_mixin.py:188} INFO - [2024-09-01T19:41:21.700+0000] {dag.py:3820} INFO - Setting next_dagrun for example_dag to 2022-11-12T00:00:00+00:00, run_after=2022-11-12T00:00:00+00:00
[2024-09-01T19:41:21.711+0000] {processor.py:183} INFO - Processing /opt/airflow/dags/example_dag.py took 0.073 seconds
[2024-09-01T19:41:51.901+0000] {processor.py:161} INFO - Started process (PID=426) to work on /opt/airflow/dags/example_dag.py
[2024-09-01T19:41:51.903+0000] {processor.py:830} INFO - Processing file /opt/airflow/dags/example_dag.py for tasks to queue
[2024-09-01T19:41:51.905+0000] {logging_mixin.py:188} INFO - [2024-09-01T19:41:51.904+0000] {dagbag.py:538} INFO - Filling up the DagBag from /opt/airflow/dags/example_dag.py
[2024-09-01T19:41:51.939+0000] {processor.py:840} INFO - DAG(s) 'example_dag' retrieved from /opt/airflow/dags/example_dag.py
[2024-09-01T19:41:51.960+0000] {logging_mixin.py:188} INFO - [2024-09-01T19:41:51.960+0000] {dag.py:3033} INFO - Sync 1 DAGs
[2024-09-01T19:41:51.973+0000] {logging_mixin.py:188} INFO - [2024-09-01T19:41:51.973+0000] {dag.py:3820} INFO - Setting next_dagrun for example_dag to 2022-11-12T00:00:00+00:00, run_after=2022-11-12T00:00:00+00:00
[2024-09-01T19:41:51.984+0000] {processor.py:183} INFO - Processing /opt/airflow/dags/example_dag.py took 0.092 seconds
[2024-09-01T19:42:22.159+0000] {processor.py:161} INFO - Started process (PID=433) to work on /opt/airflow/dags/example_dag.py
[2024-09-01T19:42:22.161+0000] {processor.py:830} INFO - Processing file /opt/airflow/dags/example_dag.py for tasks to queue
[2024-09-01T19:42:22.162+0000] {logging_mixin.py:188} INFO - [2024-09-01T19:42:22.161+0000] {dagbag.py:538} INFO - Filling up the DagBag from /opt/airflow/dags/example_dag.py
[2024-09-01T19:42:22.198+0000] {processor.py:840} INFO - DAG(s) 'example_dag' retrieved from /opt/airflow/dags/example_dag.py
[2024-09-01T19:42:22.220+0000] {logging_mixin.py:188} INFO - [2024-09-01T19:42:22.219+0000] {dag.py:3033} INFO - Sync 1 DAGs
[2024-09-01T19:42:22.231+0000] {logging_mixin.py:188} INFO - [2024-09-01T19:42:22.231+0000] {dag.py:3820} INFO - Setting next_dagrun for example_dag to 2022-11-12T00:00:00+00:00, run_after=2022-11-12T00:00:00+00:00
[2024-09-01T19:42:22.245+0000] {processor.py:183} INFO - Processing /opt/airflow/dags/example_dag.py took 0.093 seconds
[2024-09-01T19:42:52.416+0000] {processor.py:161} INFO - Started process (PID=440) to work on /opt/airflow/dags/example_dag.py
[2024-09-01T19:42:52.419+0000] {processor.py:830} INFO - Processing file /opt/airflow/dags/example_dag.py for tasks to queue
[2024-09-01T19:42:52.421+0000] {logging_mixin.py:188} INFO - [2024-09-01T19:42:52.420+0000] {dagbag.py:538} INFO - Filling up the DagBag from /opt/airflow/dags/example_dag.py
[2024-09-01T19:42:52.467+0000] {processor.py:840} INFO - DAG(s) 'example_dag' retrieved from /opt/airflow/dags/example_dag.py
[2024-09-01T19:42:52.490+0000] {logging_mixin.py:188} INFO - [2024-09-01T19:42:52.490+0000] {dag.py:3033} INFO - Sync 1 DAGs
[2024-09-01T19:42:52.502+0000] {logging_mixin.py:188} INFO - [2024-09-01T19:42:52.502+0000] {dag.py:3820} INFO - Setting next_dagrun for example_dag to 2022-11-12T00:00:00+00:00, run_after=2022-11-12T00:00:00+00:00
[2024-09-01T19:42:52.516+0000] {processor.py:183} INFO - Processing /opt/airflow/dags/example_dag.py took 0.107 seconds
[2024-09-01T19:43:22.806+0000] {processor.py:161} INFO - Started process (PID=447) to work on /opt/airflow/dags/example_dag.py
[2024-09-01T19:43:22.808+0000] {processor.py:830} INFO - Processing file /opt/airflow/dags/example_dag.py for tasks to queue
[2024-09-01T19:43:22.810+0000] {logging_mixin.py:188} INFO - [2024-09-01T19:43:22.809+0000] {dagbag.py:538} INFO - Filling up the DagBag from /opt/airflow/dags/example_dag.py
[2024-09-01T19:43:22.836+0000] {processor.py:840} INFO - DAG(s) 'example_dag' retrieved from /opt/airflow/dags/example_dag.py
[2024-09-01T19:43:22.856+0000] {logging_mixin.py:188} INFO - [2024-09-01T19:43:22.856+0000] {dag.py:3033} INFO - Sync 1 DAGs
[2024-09-01T19:43:22.881+0000] {logging_mixin.py:188} INFO - [2024-09-01T19:43:22.880+0000] {dag.py:3820} INFO - Setting next_dagrun for example_dag to 2022-11-12T00:00:00+00:00, run_after=2022-11-12T00:00:00+00:00
[2024-09-01T19:43:22.892+0000] {processor.py:183} INFO - Processing /opt/airflow/dags/example_dag.py took 0.094 seconds
[2024-09-01T19:43:53.189+0000] {processor.py:161} INFO - Started process (PID=454) to work on /opt/airflow/dags/example_dag.py
[2024-09-01T19:43:53.191+0000] {processor.py:830} INFO - Processing file /opt/airflow/dags/example_dag.py for tasks to queue
[2024-09-01T19:43:53.193+0000] {logging_mixin.py:188} INFO - [2024-09-01T19:43:53.192+0000] {dagbag.py:538} INFO - Filling up the DagBag from /opt/airflow/dags/example_dag.py
[2024-09-01T19:43:53.236+0000] {processor.py:840} INFO - DAG(s) 'example_dag' retrieved from /opt/airflow/dags/example_dag.py
[2024-09-01T19:43:53.262+0000] {logging_mixin.py:188} INFO - [2024-09-01T19:43:53.262+0000] {dag.py:3033} INFO - Sync 1 DAGs
[2024-09-01T19:43:53.274+0000] {logging_mixin.py:188} INFO - [2024-09-01T19:43:53.274+0000] {dag.py:3820} INFO - Setting next_dagrun for example_dag to 2022-11-12T00:00:00+00:00, run_after=2022-11-12T00:00:00+00:00
[2024-09-01T19:43:53.286+0000] {processor.py:183} INFO - Processing /opt/airflow/dags/example_dag.py took 0.103 seconds
[2024-09-01T19:44:23.553+0000] {processor.py:161} INFO - Started process (PID=461) to work on /opt/airflow/dags/example_dag.py
[2024-09-01T19:44:23.554+0000] {processor.py:830} INFO - Processing file /opt/airflow/dags/example_dag.py for tasks to queue
[2024-09-01T19:44:23.556+0000] {logging_mixin.py:188} INFO - [2024-09-01T19:44:23.555+0000] {dagbag.py:538} INFO - Filling up the DagBag from /opt/airflow/dags/example_dag.py
[2024-09-01T19:44:23.577+0000] {processor.py:840} INFO - DAG(s) 'example_dag' retrieved from /opt/airflow/dags/example_dag.py
[2024-09-01T19:44:23.609+0000] {logging_mixin.py:188} INFO - [2024-09-01T19:44:23.609+0000] {dag.py:3033} INFO - Sync 1 DAGs
[2024-09-01T19:44:23.620+0000] {logging_mixin.py:188} INFO - [2024-09-01T19:44:23.620+0000] {dag.py:3820} INFO - Setting next_dagrun for example_dag to 2022-11-12T00:00:00+00:00, run_after=2022-11-12T00:00:00+00:00
[2024-09-01T19:44:23.631+0000] {processor.py:183} INFO - Processing /opt/airflow/dags/example_dag.py took 0.086 seconds
[2024-09-01T19:44:53.779+0000] {processor.py:161} INFO - Started process (PID=468) to work on /opt/airflow/dags/example_dag.py
[2024-09-01T19:44:53.782+0000] {processor.py:830} INFO - Processing file /opt/airflow/dags/example_dag.py for tasks to queue
[2024-09-01T19:44:53.784+0000] {logging_mixin.py:188} INFO - [2024-09-01T19:44:53.783+0000] {dagbag.py:538} INFO - Filling up the DagBag from /opt/airflow/dags/example_dag.py
[2024-09-01T19:44:53.805+0000] {processor.py:840} INFO - DAG(s) 'example_dag' retrieved from /opt/airflow/dags/example_dag.py
[2024-09-01T19:44:53.824+0000] {logging_mixin.py:188} INFO - [2024-09-01T19:44:53.824+0000] {dag.py:3033} INFO - Sync 1 DAGs
[2024-09-01T19:44:53.847+0000] {logging_mixin.py:188} INFO - [2024-09-01T19:44:53.846+0000] {dag.py:3820} INFO - Setting next_dagrun for example_dag to 2022-11-12T00:00:00+00:00, run_after=2022-11-12T00:00:00+00:00
[2024-09-01T19:44:53.858+0000] {processor.py:183} INFO - Processing /opt/airflow/dags/example_dag.py took 0.086 seconds
