[2024-09-02T13:52:14.558+0000] {local_task_job_runner.py:123} INFO - ::group::Pre task execution logs
[2024-09-02T13:52:14.563+0000] {taskinstance.py:2603} INFO - Dependencies all met for dep_context=non-requeueable deps ti=<TaskInstance: clickhouse_to_sqlite.data_from_clickhouse manual__2024-09-02T13:52:09.371876+00:00 [queued]>
[2024-09-02T13:52:14.567+0000] {taskinstance.py:2603} INFO - Dependencies all met for dep_context=requeueable deps ti=<TaskInstance: clickhouse_to_sqlite.data_from_clickhouse manual__2024-09-02T13:52:09.371876+00:00 [queued]>
[2024-09-02T13:52:14.567+0000] {taskinstance.py:2856} INFO - Starting attempt 1 of 1
[2024-09-02T13:52:14.582+0000] {taskinstance.py:2879} INFO - Executing <Task(_PythonDecoratedOperator): data_from_clickhouse> on 2024-09-02 13:52:09.371876+00:00
[2024-09-02T13:52:14.691+0000] {logging_mixin.py:190} WARNING - /home/airflow/.local/lib/python3.12/site-packages/airflow/task/task_runner/standard_task_runner.py:70 DeprecationWarning: This process (pid=7179) is multi-threaded, use of fork() may lead to deadlocks in the child.
[2024-09-02T13:52:14.694+0000] {standard_task_runner.py:72} INFO - Started process 7188 to run task
[2024-09-02T13:52:14.693+0000] {standard_task_runner.py:104} INFO - Running: ['airflow', 'tasks', 'run', 'clickhouse_to_sqlite', 'data_from_clickhouse', 'manual__2024-09-02T13:52:09.371876+00:00', '--job-id', '107', '--raw', '--subdir', 'DAGS_FOLDER/clickhouse_to_sqlite.py', '--cfg-path', '/tmp/tmpbg66gcz8']
[2024-09-02T13:52:14.700+0000] {standard_task_runner.py:105} INFO - Job 107: Subtask data_from_clickhouse
[2024-09-02T13:52:14.769+0000] {task_command.py:467} INFO - Running <TaskInstance: clickhouse_to_sqlite.data_from_clickhouse manual__2024-09-02T13:52:09.371876+00:00 [running]> on host 50eb4647f9c4
[2024-09-02T13:52:14.822+0000] {taskinstance.py:3122} INFO - Exporting env vars: AIRFLOW_CTX_DAG_OWNER='airflow' AIRFLOW_CTX_DAG_ID='clickhouse_to_sqlite' AIRFLOW_CTX_TASK_ID='data_from_clickhouse' AIRFLOW_CTX_EXECUTION_DATE='2024-09-02T13:52:09.371876+00:00' AIRFLOW_CTX_TRY_NUMBER='1' AIRFLOW_CTX_DAG_RUN_ID='manual__2024-09-02T13:52:09.371876+00:00'
[2024-09-02T13:52:14.823+0000] {taskinstance.py:731} INFO - ::endgroup::
[2024-09-02T13:52:22.582+0000] {python.py:240} INFO - Done. Returned value was:     month_date  sat_avg_trips  ...  sun_avg_fare  sun_avg_duration
0   2014-01-01      1966255.0  ...          None              None
1   2014-02-01      2097205.0  ...          None              None
2   2014-03-01      2763366.0  ...          None              None
3   2014-04-01      2107383.0  ...          None              None
4   2014-05-01      2503732.0  ...          None              None
5   2014-06-01      1937191.0  ...          None              None
6   2014-07-01      1649004.0  ...          None              None
7   2014-08-01      2058580.0  ...          None              None
8   2014-09-01      1996098.0  ...          None              None
9   2014-10-01      1991476.0  ...          None              None
10  2014-11-01      2496615.0  ...          None              None
11  2014-12-01      1828137.0  ...          None              None
12  2015-01-01      2379707.0  ...          None              None
13  2015-02-01      1941834.0  ...          None              None
14  2015-03-01      1979230.0  ...          None              None
15  2015-04-01      1904302.0  ...          None              None
16  2015-05-01      2290659.0  ...          None              None
17  2015-06-01      1737535.0  ...          None              None
18  2015-07-01      1452413.0  ...          None              None
19  2015-08-01      1840117.0  ...          None              None
20  2015-09-01      1635380.0  ...          None              None
21  2015-10-01      2182425.0  ...          None              None
22  2015-11-01      1674751.0  ...          None              None
23  2015-12-01      1589990.0  ...          None              None
24  2016-01-01      1644057.0  ...          None              None
25  2016-02-01      1742814.0  ...          None              None
26  2016-03-01      1739430.0  ...          None              None
27  2016-04-01      2167135.0  ...          None              None
28  2016-05-01      1634289.0  ...          None              None
29  2016-06-01      1568075.0  ...          None              None
30  2016-07-01      1649036.0  ...          None              None
31  2016-08-01      1286470.0  ...          None              None
32  2016-09-01      1415808.0  ...          None              None
33  2016-10-01      1920048.0  ...          None              None
34  2016-11-01      1456675.0  ...          None              None
35  2016-12-01      1741675.0  ...          None              None

[36 rows x 7 columns]
[2024-09-02T13:52:22.699+0000] {taskinstance.py:340} INFO - ::group::Post task execution logs
[2024-09-02T13:52:22.700+0000] {taskinstance.py:352} INFO - Marking task as SUCCESS. dag_id=clickhouse_to_sqlite, task_id=data_from_clickhouse, run_id=manual__2024-09-02T13:52:09.371876+00:00, execution_date=20240902T135209, start_date=20240902T135214, end_date=20240902T135222
[2024-09-02T13:52:22.756+0000] {local_task_job_runner.py:261} INFO - Task exited with return code 0
[2024-09-02T13:52:22.779+0000] {taskinstance.py:3891} INFO - 1 downstream tasks scheduled from follow-on schedule check
[2024-09-02T13:52:22.780+0000] {local_task_job_runner.py:240} INFO - ::endgroup::
