[2024-09-02T12:39:12.355+0000] {local_task_job_runner.py:123} INFO - ::group::Pre task execution logs
[2024-09-02T12:39:12.360+0000] {taskinstance.py:2603} INFO - Dependencies all met for dep_context=non-requeueable deps ti=<TaskInstance: clickhouse_to_sqlite.data_from_clickhouse manual__2024-09-02T12:39:08.814734+00:00 [queued]>
[2024-09-02T12:39:12.362+0000] {taskinstance.py:2603} INFO - Dependencies all met for dep_context=requeueable deps ti=<TaskInstance: clickhouse_to_sqlite.data_from_clickhouse manual__2024-09-02T12:39:08.814734+00:00 [queued]>
[2024-09-02T12:39:12.362+0000] {taskinstance.py:2856} INFO - Starting attempt 1 of 1
[2024-09-02T12:39:12.369+0000] {taskinstance.py:2879} INFO - Executing <Task(_PythonDecoratedOperator): data_from_clickhouse> on 2024-09-02 12:39:08.814734+00:00
[2024-09-02T12:39:12.384+0000] {logging_mixin.py:190} WARNING - /home/airflow/.local/lib/python3.12/site-packages/airflow/task/task_runner/standard_task_runner.py:70 DeprecationWarning: This process (pid=5852) is multi-threaded, use of fork() may lead to deadlocks in the child.
[2024-09-02T12:39:12.386+0000] {standard_task_runner.py:72} INFO - Started process 5861 to run task
[2024-09-02T12:39:12.385+0000] {standard_task_runner.py:104} INFO - Running: ['airflow', 'tasks', 'run', 'clickhouse_to_sqlite', 'data_from_clickhouse', 'manual__2024-09-02T12:39:08.814734+00:00', '--job-id', '94', '--raw', '--subdir', 'DAGS_FOLDER/clickhouse_to_sqlite.py', '--cfg-path', '/tmp/tmpz_jypmiu']
[2024-09-02T12:39:12.389+0000] {standard_task_runner.py:105} INFO - Job 94: Subtask data_from_clickhouse
[2024-09-02T12:39:12.453+0000] {task_command.py:467} INFO - Running <TaskInstance: clickhouse_to_sqlite.data_from_clickhouse manual__2024-09-02T12:39:08.814734+00:00 [running]> on host 50eb4647f9c4
[2024-09-02T12:39:12.501+0000] {taskinstance.py:3122} INFO - Exporting env vars: AIRFLOW_CTX_DAG_OWNER='airflow' AIRFLOW_CTX_DAG_ID='clickhouse_to_sqlite' AIRFLOW_CTX_TASK_ID='data_from_clickhouse' AIRFLOW_CTX_EXECUTION_DATE='2024-09-02T12:39:08.814734+00:00' AIRFLOW_CTX_TRY_NUMBER='1' AIRFLOW_CTX_DAG_RUN_ID='manual__2024-09-02T12:39:08.814734+00:00'
[2024-09-02T12:39:12.503+0000] {taskinstance.py:731} INFO - ::endgroup::
[2024-09-02T12:39:20.986+0000] {python.py:240} INFO - Done. Returned value was:              0          1      2      3     4     5     6
0   2014-01-01  1966255.0  11.35  11.26  None  None  None
1   2014-02-01  2097205.0  11.64  11.96  None  None  None
2   2014-03-01  2763366.0  11.88  11.96  None  None  None
3   2014-04-01  2107383.0  12.08  12.49  None  None  None
4   2014-05-01  2503732.0  12.53  12.79  None  None  None
5   2014-06-01  1937191.0  12.41  12.36  None  None  None
6   2014-07-01  1649004.0  12.23  11.68  None  None  None
7   2014-08-01  2058580.0  12.51  12.32  None  None  None
8   2014-09-01  1996098.0  12.48  13.27  None  None  None
9   2014-10-01  1991476.0  12.22  12.75  None  None  None
10  2014-11-01  2496615.0  12.25  13.11  None  None  None
11  2014-12-01  1828137.0  12.58  13.65  None  None  None
12  2015-01-01  2379707.0  11.36  14.94  None  None  None
13  2015-02-01  1941834.0  11.88  15.02  None  None  None
14  2015-03-01  1979230.0  12.07  13.96  None  None  None
15  2015-04-01  1904302.0  12.36   6.47  None  None  None
16  2015-05-01  2290659.0  12.59  14.83  None  None  None
17  2015-06-01  1737535.0  12.57  14.48  None  None  None
18  2015-07-01  1452413.0  12.39  13.97  None  None  None
19  2015-08-01  1840117.0  12.65  14.10  None  None  None
20  2015-09-01  1635380.0  12.73  15.75  None  None  None
21  2015-10-01  2182425.0  12.57  15.67  None  None  None
22  2015-11-01  1674751.0  12.40  15.84  None  None  None
23  2015-12-01  1589990.0  12.66   1.21  None  None  None
24  2016-01-01  1644057.0  12.02  14.78  None  None  None
25  2016-02-01  1742814.0  11.83  18.15  None  None  None
26  2016-03-01  1739430.0  12.13  15.33  None  None  None
27  2016-04-01  2167135.0  12.29  15.63  None  None  None
28  2016-05-01  1634289.0  12.61  15.76  None  None  None
29  2016-06-01  1568075.0  12.68  16.01  None  None  None
30  2016-07-01  1649036.0  12.79  15.82  None  None  None
31  2016-08-01  1286470.0  13.05  16.13  None  None  None
32  2016-09-01  1415808.0  13.47  17.21  None  None  None
33  2016-10-01  1920048.0  12.92  17.16  None  None  None
34  2016-11-01  1456675.0  12.71  16.82  None  None  None
35  2016-12-01  1741675.0  12.39  16.01  None  None  None
[2024-09-02T12:39:21.084+0000] {taskinstance.py:340} INFO - ::group::Post task execution logs
[2024-09-02T12:39:21.085+0000] {taskinstance.py:352} INFO - Marking task as SUCCESS. dag_id=clickhouse_to_sqlite, task_id=data_from_clickhouse, run_id=manual__2024-09-02T12:39:08.814734+00:00, execution_date=20240902T123908, start_date=20240902T123912, end_date=20240902T123921
[2024-09-02T12:39:21.106+0000] {local_task_job_runner.py:261} INFO - Task exited with return code 0
[2024-09-02T12:39:21.117+0000] {taskinstance.py:3891} INFO - 1 downstream tasks scheduled from follow-on schedule check
[2024-09-02T12:39:21.119+0000] {local_task_job_runner.py:240} INFO - ::endgroup::
