[2024-09-02T07:38:58.769+0000] {local_task_job_runner.py:123} INFO - ::group::Pre task execution logs
[2024-09-02T07:38:58.773+0000] {taskinstance.py:2603} INFO - Dependencies all met for dep_context=non-requeueable deps ti=<TaskInstance: clickhouse_to_sqlite.data_from_clickhouse manual__2024-09-02T07:38:55.489471+00:00 [queued]>
[2024-09-02T07:38:58.775+0000] {taskinstance.py:2603} INFO - Dependencies all met for dep_context=requeueable deps ti=<TaskInstance: clickhouse_to_sqlite.data_from_clickhouse manual__2024-09-02T07:38:55.489471+00:00 [queued]>
[2024-09-02T07:38:58.776+0000] {taskinstance.py:2856} INFO - Starting attempt 1 of 1
[2024-09-02T07:38:58.781+0000] {taskinstance.py:2879} INFO - Executing <Task(_PythonDecoratedOperator): data_from_clickhouse> on 2024-09-02 07:38:55.489471+00:00
[2024-09-02T07:38:58.789+0000] {logging_mixin.py:190} WARNING - /home/airflow/.local/lib/python3.12/site-packages/airflow/task/task_runner/standard_task_runner.py:70 DeprecationWarning: This process (pid=759) is multi-threaded, use of fork() may lead to deadlocks in the child.
[2024-09-02T07:38:58.790+0000] {standard_task_runner.py:72} INFO - Started process 768 to run task
[2024-09-02T07:38:58.789+0000] {standard_task_runner.py:104} INFO - Running: ['airflow', 'tasks', 'run', 'clickhouse_to_sqlite', 'data_from_clickhouse', 'manual__2024-09-02T07:38:55.489471+00:00', '--job-id', '57', '--raw', '--subdir', 'DAGS_FOLDER/clickhouse_to_sqlite.py', '--cfg-path', '/tmp/tmpciaii6me']
[2024-09-02T07:38:58.792+0000] {standard_task_runner.py:105} INFO - Job 57: Subtask data_from_clickhouse
[2024-09-02T07:38:58.868+0000] {task_command.py:467} INFO - Running <TaskInstance: clickhouse_to_sqlite.data_from_clickhouse manual__2024-09-02T07:38:55.489471+00:00 [running]> on host 50eb4647f9c4
[2024-09-02T07:38:58.929+0000] {taskinstance.py:3122} INFO - Exporting env vars: AIRFLOW_CTX_DAG_OWNER='airflow' AIRFLOW_CTX_DAG_ID='clickhouse_to_sqlite' AIRFLOW_CTX_TASK_ID='data_from_clickhouse' AIRFLOW_CTX_EXECUTION_DATE='2024-09-02T07:38:55.489471+00:00' AIRFLOW_CTX_TRY_NUMBER='1' AIRFLOW_CTX_DAG_RUN_ID='manual__2024-09-02T07:38:55.489471+00:00'
[2024-09-02T07:38:58.931+0000] {taskinstance.py:731} INFO - ::endgroup::
[2024-09-02T07:39:03.003+0000] {taskinstance.py:3301} ERROR - Task failed with exception
Traceback (most recent call last):
  File "/home/airflow/.local/lib/python3.12/site-packages/airflow/models/taskinstance.py", line 767, in _execute_task
    result = _execute_callable(context=context, **execute_callable_kwargs)
             ^^^^^^^^^^^^^^^^^^^^^^^^^^^^^^^^^^^^^^^^^^^^^^^^^^^^^^^^^^^^^
  File "/home/airflow/.local/lib/python3.12/site-packages/airflow/models/taskinstance.py", line 733, in _execute_callable
    return ExecutionCallableRunner(
           ^^^^^^^^^^^^^^^^^^^^^^^^
  File "/home/airflow/.local/lib/python3.12/site-packages/airflow/utils/operator_helpers.py", line 252, in run
    return self.func(*args, **kwargs)
           ^^^^^^^^^^^^^^^^^^^^^^^^^^
  File "/home/airflow/.local/lib/python3.12/site-packages/airflow/models/baseoperator.py", line 406, in wrapper
    return func(self, *args, **kwargs)
           ^^^^^^^^^^^^^^^^^^^^^^^^^^^
  File "/home/airflow/.local/lib/python3.12/site-packages/airflow/decorators/base.py", line 266, in execute
    return_value = super().execute(context)
                   ^^^^^^^^^^^^^^^^^^^^^^^^
  File "/home/airflow/.local/lib/python3.12/site-packages/airflow/models/baseoperator.py", line 406, in wrapper
    return func(self, *args, **kwargs)
           ^^^^^^^^^^^^^^^^^^^^^^^^^^^
  File "/home/airflow/.local/lib/python3.12/site-packages/airflow/operators/python.py", line 238, in execute
    return_value = self.execute_callable()
                   ^^^^^^^^^^^^^^^^^^^^^^^
  File "/home/airflow/.local/lib/python3.12/site-packages/airflow/operators/python.py", line 256, in execute_callable
    return runner.run(*self.op_args, **self.op_kwargs)
           ^^^^^^^^^^^^^^^^^^^^^^^^^^^^^^^^^^^^^^^^^^^
  File "/home/airflow/.local/lib/python3.12/site-packages/airflow/utils/operator_helpers.py", line 252, in run
    return self.func(*args, **kwargs)
           ^^^^^^^^^^^^^^^^^^^^^^^^^^
  File "/opt/airflow/dags/clickhouse_to_sqlite.py", line 34, in data_from_clickhouse
    data = client.query(query).result_rows
           ^^^^^^^^^^^^^^^^^^^
  File "/home/airflow/.local/lib/python3.12/site-packages/clickhouse_connect/driver/client.py", line 209, in query
    return self._query_with_context(query_context)
           ^^^^^^^^^^^^^^^^^^^^^^^^^^^^^^^^^^^^^^^
  File "/home/airflow/.local/lib/python3.12/site-packages/clickhouse_connect/driver/httpclient.py", line 225, in _query_with_context
    response = self._raw_request(body,
               ^^^^^^^^^^^^^^^^^^^^^^^
  File "/home/airflow/.local/lib/python3.12/site-packages/clickhouse_connect/driver/httpclient.py", line 454, in _raw_request
    self._error_handler(response)
  File "/home/airflow/.local/lib/python3.12/site-packages/clickhouse_connect/driver/httpclient.py", line 377, in _error_handler
    raise OperationalError(err_str) if retried else DatabaseError(err_str) from None
clickhouse_connect.driver.exceptions.DatabaseError: HTTPDriver for https://github.demo.trial.altinity.cloud:8443 returned response code 400)
 Code: 62. DB::Exception: Syntax error: failed at position 1 ('"""
select 
date_trunc('month', pickup_datetime) as month_date, 
avg(case when day_of_week=6 then trip_count else null end) as sat_avg_trips,      -- The average number of trips on Saturdays
round(avg(case when day_of_week=6 then fare_amount else null end),2) as sat_avg_fare,      --The average fare (fare_amount) per trip on Saturdays
round(avg(case when day_of_week=6 then trip_duration else null end),2) as sat_avg_durations,  --The average duration per trip on Saturdays
avg(case when day_of_week=0 then trip_count else null end) as sun_avg_trips,      --The average number of trips on Sundays
round(avg(case when day_of_week=0 then fare_amount else null end),2) as sun_avg_fare,       --The average fare (fare_amount) per trip on Sundays
round(avg(case when day_of_week=0 then trip_duration  else null end),2) as sun_avg_duration       --The average duration per trip on Sundays
from (
	select 
	pickup_date, 
	id, 
	fare_amount, 
	pickup_datetime, 
	dropoff_datetime, 
	toDayOfWeek(pickup_datetime) as day_of_week,
	count(id) over (partition by date_trunc('month', pickup_datetime), toDayOfWeek(pickup_datetime)) AS trip_count,
	dateDiff('minutes', pickup_datetime, dropoff_datetime) as trip_duration 
	from tripdata
	where pickup_date between '2014-01-01' and '2016-12-31'
) as trips_summary
group by month_d
 FORMAT Native') (line 1, col 1): """
select 
date_trunc('month', pickup_datetime) as month_date, 
avg(case when day_of_week=6 then trip_count else null end) as sat_avg_trips,      -- The averag. Double quoted string is not closed: '"""
select 
date_trunc('month', pickup_datetime) as month_date, 
avg(case when day_of_week=6 then trip_count else null end) as sat_avg_trips,      -- The average number of trips on Saturdays
round(avg(case when day_of_week=6 then fare_amount else null end),2) as sat_avg_fare,      --The average fare (fare_amount) per trip on Saturdays
round(avg(case when day_of_week=6 then trip_duration else null end),2) as sat_avg_durations,  --The average duration per trip on Saturdays
avg(case when day_of_week=0 then trip_count else null end) as sun_avg_trips,      --The average number of trips on Sundays
round(avg(case when day_of_week=0 then fare_amount else null end),2) as sun_avg_fare,       --The average fare (fare_amount) per trip on Sundays
round(avg(case when day_of_week=0 then trip_duration  else null end),2) as sun_avg_duration       --The average duration per trip on Sundays
from (
	select 
	pickup_date, 
	id, 
	fare_amount, 
	pickup_datetime, 
	dropoff_datetime, 
	toDayOfWeek(pickup_datetime) as day_of_week,
	count(id) over (partition by date_trunc('month', pickup_datetime), toDayOfWeek(pickup_datetime)) AS trip_count,
	dateDiff('minutes', pickup_datetime, dropoff_datetime) as trip_duration 
	from tripdata
	where pickup_date between '2014-01-01' and '2016-12-31'
) as trips_summary
group by month_d
 FORMAT Native'. (SYNTAX_ERROR) (version 24.5.6.45 (official build))

[2024-09-02T07:39:03.052+0000] {taskinstance.py:1225} INFO - Marking task as FAILED. dag_id=clickhouse_to_sqlite, task_id=data_from_clickhouse, run_id=manual__2024-09-02T07:38:55.489471+00:00, execution_date=20240902T073855, start_date=20240902T073858, end_date=20240902T073903
[2024-09-02T07:39:03.066+0000] {taskinstance.py:340} INFO - ::group::Post task execution logs
[2024-09-02T07:39:03.067+0000] {standard_task_runner.py:124} ERROR - Failed to execute job 57 for task data_from_clickhouse (HTTPDriver for https://github.demo.trial.altinity.cloud:8443 returned response code 400)
 Code: 62. DB::Exception: Syntax error: failed at position 1 ('"""
select 
date_trunc('month', pickup_datetime) as month_date, 
avg(case when day_of_week=6 then trip_count else null end) as sat_avg_trips,      -- The average number of trips on Saturdays
round(avg(case when day_of_week=6 then fare_amount else null end),2) as sat_avg_fare,      --The average fare (fare_amount) per trip on Saturdays
round(avg(case when day_of_week=6 then trip_duration else null end),2) as sat_avg_durations,  --The average duration per trip on Saturdays
avg(case when day_of_week=0 then trip_count else null end) as sun_avg_trips,      --The average number of trips on Sundays
round(avg(case when day_of_week=0 then fare_amount else null end),2) as sun_avg_fare,       --The average fare (fare_amount) per trip on Sundays
round(avg(case when day_of_week=0 then trip_duration  else null end),2) as sun_avg_duration       --The average duration per trip on Sundays
from (
	select 
	pickup_date, 
	id, 
	fare_amount, 
	pickup_datetime, 
	dropoff_datetime, 
	toDayOfWeek(pickup_datetime) as day_of_week,
	count(id) over (partition by date_trunc('month', pickup_datetime), toDayOfWeek(pickup_datetime)) AS trip_count,
	dateDiff('minutes', pickup_datetime, dropoff_datetime) as trip_duration 
	from tripdata
	where pickup_date between '2014-01-01' and '2016-12-31'
) as trips_summary
group by month_d
 FORMAT Native') (line 1, col 1): """
select 
date_trunc('month', pickup_datetime) as month_date, 
avg(case when day_of_week=6 then trip_count else null end) as sat_avg_trips,      -- The averag. Double quoted string is not closed: '"""
select 
date_trunc('month', pickup_datetime) as month_date, 
avg(case when day_of_week=6 then trip_count else null end) as sat_avg_trips,      -- The average number of trips on Saturdays
round(avg(case when day_of_week=6 then fare_amount else null end),2) as sat_avg_fare,      --The average fare (fare_amount) per trip on Saturdays
round(avg(case when day_of_week=6 then trip_duration else null end),2) as sat_avg_durations,  --The average duration per trip on Saturdays
avg(case when day_of_week=0 then trip_count else null end) as sun_avg_trips,      --The average number of trips on Sundays
round(avg(case when day_of_week=0 then fare_amount else null end),2) as sun_avg_fare,       --The average fare (fare_amount) per trip on Sundays
round(avg(case when day_of_week=0 then trip_duration  else null end),2) as sun_avg_duration       --The average duration per trip on Sundays
from (
	select 
	pickup_date, 
	id, 
	fare_amount, 
	pickup_datetime, 
	dropoff_datetime, 
	toDayOfWeek(pickup_datetime) as day_of_week,
	count(id) over (partition by date_trunc('month', pickup_datetime), toDayOfWeek(pickup_datetime)) AS trip_count,
	dateDiff('minutes', pickup_datetime, dropoff_datetime) as trip_duration 
	from tripdata
	where pickup_date between '2014-01-01' and '2016-12-31'
) as trips_summary
group by month_d
 FORMAT Native'. (SYNTAX_ERROR) (version 24.5.6.45 (official build))
; 768)
Traceback (most recent call last):
  File "/home/airflow/.local/lib/python3.12/site-packages/airflow/task/task_runner/standard_task_runner.py", line 117, in _start_by_fork
    ret = args.func(args, dag=self.dag)
          ^^^^^^^^^^^^^^^^^^^^^^^^^^^^^
  File "/home/airflow/.local/lib/python3.12/site-packages/airflow/cli/cli_config.py", line 49, in command
    return func(*args, **kwargs)
           ^^^^^^^^^^^^^^^^^^^^^
  File "/home/airflow/.local/lib/python3.12/site-packages/airflow/utils/cli.py", line 115, in wrapper
    return f(*args, **kwargs)
           ^^^^^^^^^^^^^^^^^^
  File "/home/airflow/.local/lib/python3.12/site-packages/airflow/cli/commands/task_command.py", line 483, in task_run
    task_return_code = _run_task_by_selected_method(args, _dag, ti)
                       ^^^^^^^^^^^^^^^^^^^^^^^^^^^^^^^^^^^^^^^^^^^^
  File "/home/airflow/.local/lib/python3.12/site-packages/airflow/cli/commands/task_command.py", line 256, in _run_task_by_selected_method
    return _run_raw_task(args, ti)
           ^^^^^^^^^^^^^^^^^^^^^^^
  File "/home/airflow/.local/lib/python3.12/site-packages/airflow/cli/commands/task_command.py", line 341, in _run_raw_task
    return ti._run_raw_task(
           ^^^^^^^^^^^^^^^^^
  File "/home/airflow/.local/lib/python3.12/site-packages/airflow/utils/session.py", line 97, in wrapper
    return func(*args, session=session, **kwargs)
           ^^^^^^^^^^^^^^^^^^^^^^^^^^^^^^^^^^^^^^
  File "/home/airflow/.local/lib/python3.12/site-packages/airflow/models/taskinstance.py", line 2995, in _run_raw_task
    return _run_raw_task(
           ^^^^^^^^^^^^^^
  File "/home/airflow/.local/lib/python3.12/site-packages/airflow/models/taskinstance.py", line 273, in _run_raw_task
    TaskInstance._execute_task_with_callbacks(
  File "/home/airflow/.local/lib/python3.12/site-packages/airflow/models/taskinstance.py", line 3149, in _execute_task_with_callbacks
    result = self._execute_task(context, task_orig)
             ^^^^^^^^^^^^^^^^^^^^^^^^^^^^^^^^^^^^^^
  File "/home/airflow/.local/lib/python3.12/site-packages/airflow/models/taskinstance.py", line 3173, in _execute_task
    return _execute_task(self, context, task_orig)
           ^^^^^^^^^^^^^^^^^^^^^^^^^^^^^^^^^^^^^^^
  File "/home/airflow/.local/lib/python3.12/site-packages/airflow/models/taskinstance.py", line 767, in _execute_task
    result = _execute_callable(context=context, **execute_callable_kwargs)
             ^^^^^^^^^^^^^^^^^^^^^^^^^^^^^^^^^^^^^^^^^^^^^^^^^^^^^^^^^^^^^
  File "/home/airflow/.local/lib/python3.12/site-packages/airflow/models/taskinstance.py", line 733, in _execute_callable
    return ExecutionCallableRunner(
           ^^^^^^^^^^^^^^^^^^^^^^^^
  File "/home/airflow/.local/lib/python3.12/site-packages/airflow/utils/operator_helpers.py", line 252, in run
    return self.func(*args, **kwargs)
           ^^^^^^^^^^^^^^^^^^^^^^^^^^
  File "/home/airflow/.local/lib/python3.12/site-packages/airflow/models/baseoperator.py", line 406, in wrapper
    return func(self, *args, **kwargs)
           ^^^^^^^^^^^^^^^^^^^^^^^^^^^
  File "/home/airflow/.local/lib/python3.12/site-packages/airflow/decorators/base.py", line 266, in execute
    return_value = super().execute(context)
                   ^^^^^^^^^^^^^^^^^^^^^^^^
  File "/home/airflow/.local/lib/python3.12/site-packages/airflow/models/baseoperator.py", line 406, in wrapper
    return func(self, *args, **kwargs)
           ^^^^^^^^^^^^^^^^^^^^^^^^^^^
  File "/home/airflow/.local/lib/python3.12/site-packages/airflow/operators/python.py", line 238, in execute
    return_value = self.execute_callable()
                   ^^^^^^^^^^^^^^^^^^^^^^^
  File "/home/airflow/.local/lib/python3.12/site-packages/airflow/operators/python.py", line 256, in execute_callable
    return runner.run(*self.op_args, **self.op_kwargs)
           ^^^^^^^^^^^^^^^^^^^^^^^^^^^^^^^^^^^^^^^^^^^
  File "/home/airflow/.local/lib/python3.12/site-packages/airflow/utils/operator_helpers.py", line 252, in run
    return self.func(*args, **kwargs)
           ^^^^^^^^^^^^^^^^^^^^^^^^^^
  File "/opt/airflow/dags/clickhouse_to_sqlite.py", line 34, in data_from_clickhouse
    data = client.query(query).result_rows
           ^^^^^^^^^^^^^^^^^^^
  File "/home/airflow/.local/lib/python3.12/site-packages/clickhouse_connect/driver/client.py", line 209, in query
    return self._query_with_context(query_context)
           ^^^^^^^^^^^^^^^^^^^^^^^^^^^^^^^^^^^^^^^
  File "/home/airflow/.local/lib/python3.12/site-packages/clickhouse_connect/driver/httpclient.py", line 225, in _query_with_context
    response = self._raw_request(body,
               ^^^^^^^^^^^^^^^^^^^^^^^
  File "/home/airflow/.local/lib/python3.12/site-packages/clickhouse_connect/driver/httpclient.py", line 454, in _raw_request
    self._error_handler(response)
  File "/home/airflow/.local/lib/python3.12/site-packages/clickhouse_connect/driver/httpclient.py", line 377, in _error_handler
    raise OperationalError(err_str) if retried else DatabaseError(err_str) from None
clickhouse_connect.driver.exceptions.DatabaseError: HTTPDriver for https://github.demo.trial.altinity.cloud:8443 returned response code 400)
 Code: 62. DB::Exception: Syntax error: failed at position 1 ('"""
select 
date_trunc('month', pickup_datetime) as month_date, 
avg(case when day_of_week=6 then trip_count else null end) as sat_avg_trips,      -- The average number of trips on Saturdays
round(avg(case when day_of_week=6 then fare_amount else null end),2) as sat_avg_fare,      --The average fare (fare_amount) per trip on Saturdays
round(avg(case when day_of_week=6 then trip_duration else null end),2) as sat_avg_durations,  --The average duration per trip on Saturdays
avg(case when day_of_week=0 then trip_count else null end) as sun_avg_trips,      --The average number of trips on Sundays
round(avg(case when day_of_week=0 then fare_amount else null end),2) as sun_avg_fare,       --The average fare (fare_amount) per trip on Sundays
round(avg(case when day_of_week=0 then trip_duration  else null end),2) as sun_avg_duration       --The average duration per trip on Sundays
from (
	select 
	pickup_date, 
	id, 
	fare_amount, 
	pickup_datetime, 
	dropoff_datetime, 
	toDayOfWeek(pickup_datetime) as day_of_week,
	count(id) over (partition by date_trunc('month', pickup_datetime), toDayOfWeek(pickup_datetime)) AS trip_count,
	dateDiff('minutes', pickup_datetime, dropoff_datetime) as trip_duration 
	from tripdata
	where pickup_date between '2014-01-01' and '2016-12-31'
) as trips_summary
group by month_d
 FORMAT Native') (line 1, col 1): """
select 
date_trunc('month', pickup_datetime) as month_date, 
avg(case when day_of_week=6 then trip_count else null end) as sat_avg_trips,      -- The averag. Double quoted string is not closed: '"""
select 
date_trunc('month', pickup_datetime) as month_date, 
avg(case when day_of_week=6 then trip_count else null end) as sat_avg_trips,      -- The average number of trips on Saturdays
round(avg(case when day_of_week=6 then fare_amount else null end),2) as sat_avg_fare,      --The average fare (fare_amount) per trip on Saturdays
round(avg(case when day_of_week=6 then trip_duration else null end),2) as sat_avg_durations,  --The average duration per trip on Saturdays
avg(case when day_of_week=0 then trip_count else null end) as sun_avg_trips,      --The average number of trips on Sundays
round(avg(case when day_of_week=0 then fare_amount else null end),2) as sun_avg_fare,       --The average fare (fare_amount) per trip on Sundays
round(avg(case when day_of_week=0 then trip_duration  else null end),2) as sun_avg_duration       --The average duration per trip on Sundays
from (
	select 
	pickup_date, 
	id, 
	fare_amount, 
	pickup_datetime, 
	dropoff_datetime, 
	toDayOfWeek(pickup_datetime) as day_of_week,
	count(id) over (partition by date_trunc('month', pickup_datetime), toDayOfWeek(pickup_datetime)) AS trip_count,
	dateDiff('minutes', pickup_datetime, dropoff_datetime) as trip_duration 
	from tripdata
	where pickup_date between '2014-01-01' and '2016-12-31'
) as trips_summary
group by month_d
 FORMAT Native'. (SYNTAX_ERROR) (version 24.5.6.45 (official build))

[2024-09-02T07:39:03.122+0000] {local_task_job_runner.py:261} INFO - Task exited with return code 1
[2024-09-02T07:39:03.145+0000] {taskinstance.py:3891} INFO - 0 downstream tasks scheduled from follow-on schedule check
[2024-09-02T07:39:03.146+0000] {local_task_job_runner.py:240} INFO - ::endgroup::
